2019-10-08 09:01:46,634 [AWT-EventQueue-0] INFO com.AnyAUT.PrepareRun - Input FIle Path: C:\CTAF-Main-SourceCode-v0.94\CTAF_V0.94_GIT\Demo_Small.xls
2019-10-08 09:01:46,637 [AWT-EventQueue-0] INFO com.AnyAUT.PrepareRun - Output file path  :C:\CTAF-Main-SourceCode-v0.94\CTAF_V0.94_GIT\Results\TestRun_08Oct_0901/TestRun_08Oct_0901.xls
2019-10-08 09:01:47,198 [AWT-EventQueue-0] INFO com.AnyAUT.PrepareRun - Entered Main Test
2019-10-08 09:01:47,198 [AWT-EventQueue-0] INFO com.AnyAUT.PrepareRun - Completed fetching the test cases ready for execution
2019-10-08 09:01:47,199 [AWT-EventQueue-0] INFO com.AnyAUT.PrepareRun - Completed assigning the top row
2019-10-08 09:01:47,199 [AWT-EventQueue-0] INFO com.AnyAUT.PrepareRun - Completed fetching test data sets for test case
2019-10-08 09:01:47,201 [AWT-EventQueue-0] INFO com.AnyAUT.PrepareRun - Completed fetching test data sets for test case
2019-10-08 09:01:47,203 [AWT-EventQueue-0] INFO com.AnyAUT.PrepareRun - Main test execution has completed
2019-10-08 09:01:47,204 [AWT-EventQueue-0] INFO com.AnyAUT.PrepareRun - Test Cases are added to the array
2019-10-08 09:01:48,383 [AWT-EventQueue-0] INFO com.AnyAUT.ExecuteTest - C:\CTAF-Main-SourceCode-v0.94\CTAF_V0.94_GIT/Results/TestRun_08Oct_0901/TestRun_08Oct_0901.xls
2019-10-08 09:01:48,384 [AWT-EventQueue-0] INFO com.AnyAUT.ExecuteTest - C:\CTAF-Main-SourceCode-v0.94\CTAF_V0.94_GIT/Results/TestRun_08Oct_0901/RunResult.xls
2019-10-08 09:01:48,386 [AWT-EventQueue-0] INFO com.AnyAUT.ExecuteTest - Rows are 45
2019-10-08 09:01:48,386 [AWT-EventQueue-0] INFO com.AnyAUT.ExecuteTest - Cols are 15
2019-10-08 09:01:48,393 [AWT-EventQueue-0] INFO com.AnyAUT.ExecuteTest - KW: openBrowser ,Element Type: - ,Element By: - ,Element ID: - ,Test Data: chrome
2019-10-08 09:01:54,485 [AWT-EventQueue-0] INFO com.AnyAUT.ExecuteTest - KW: navigateBrowser ,Element Type: - ,Element By: - ,Element ID: - ,Test Data: https://20005.claimatic.net
2019-10-08 09:01:56,261 [AWT-EventQueue-0] INFO com.AnyAUT.ExecuteTest - KW: typeText ,Element Type: Reusable Element ,Element By: xpath ,Element ID: //input[@type='text'] ,Test Data: Pankaja_sa 
2019-10-08 09:01:56,459 [AWT-EventQueue-0] INFO com.AnyAUT.ExecuteTest - KW: typeText ,Element Type: Reusable Element ,Element By: xpath ,Element ID: //input[@type='password'] ,Test Data: fish90
2019-10-08 09:01:56,593 [AWT-EventQueue-0] INFO com.AnyAUT.ExecuteTest - KW: clickElement ,Element Type: Reusable Element ,Element By: xpath ,Element ID: //button[@type='submit'] ,Test Data: -
2019-10-08 09:01:56,682 [AWT-EventQueue-0] INFO com.AnyAUT.ExecuteTest - KW: waitForSeconds ,Element Type: - ,Element By: - ,Element ID: - ,Test Data: 5
2019-10-08 09:02:01,684 [AWT-EventQueue-0] INFO com.AnyAUT.ExecuteTest - KW: clickButton ,Element Type: Reusable Element ,Element By: xpath ,Element ID: //span[contains(text(),'Welcome ')] ,Test Data: -
2019-10-08 09:02:01,766 [AWT-EventQueue-0] INFO com.AnyAUT.ExecuteTest - KW: clickButton ,Element Type: Reusable Element ,Element By: xpath ,Element ID: //a[contains(text(),'Log Off')] ,Test Data: -
2019-10-08 09:02:02,450 [AWT-EventQueue-0] INFO com.AnyAUT.ExecuteTest - KW: closeBrowser ,Element Type: - ,Element By: - ,Element ID: - ,Test Data: -
2019-10-08 09:02:02,523 [AWT-EventQueue-0] INFO com.AnyAUT.ExecuteTest - KW: openBrowser ,Element Type: - ,Element By: - ,Element ID: - ,Test Data: firefox
2019-10-08 09:02:12,180 [AWT-EventQueue-0] INFO com.AnyAUT.ExecuteTest - KW: navigateBrowser ,Element Type: - ,Element By: - ,Element ID: - ,Test Data: https://20005.claimatic.net
2019-10-08 09:02:14,012 [AWT-EventQueue-0] INFO com.AnyAUT.ExecuteTest - KW: typeText ,Element Type: Reusable Element ,Element By: xpath ,Element ID: //input[@type='text'] ,Test Data: kkosireddi_sa 
2019-10-08 09:02:14,216 [AWT-EventQueue-0] INFO com.AnyAUT.ExecuteTest - KW: typeText ,Element Type: Reusable Element ,Element By: xpath ,Element ID: //input[@type='password'] ,Test Data: fish90
2019-10-08 09:02:14,417 [AWT-EventQueue-0] INFO com.AnyAUT.ExecuteTest - KW: clickElement ,Element Type: Reusable Element ,Element By: xpath ,Element ID: //button[@type='submit'] ,Test Data: -
2019-10-08 09:02:15,229 [AWT-EventQueue-0] INFO com.AnyAUT.ExecuteTest - KW: waitForSeconds ,Element Type: - ,Element By: - ,Element ID: - ,Test Data: 5
2019-10-08 09:02:20,229 [AWT-EventQueue-0] INFO com.AnyAUT.ExecuteTest - KW: clickButton ,Element Type: Reusable Element ,Element By: xpath ,Element ID: //span[contains(text(),'Welcome ')] ,Test Data: -
2019-10-08 09:02:20,477 [AWT-EventQueue-0] INFO com.AnyAUT.ExecuteTest - KW: clickButton ,Element Type: Reusable Element ,Element By: xpath ,Element ID: //a[contains(text(),'Log Off')] ,Test Data: -
2019-10-08 09:02:21,133 [AWT-EventQueue-0] INFO com.AnyAUT.ExecuteTest - KW: closeBrowser ,Element Type: - ,Element By: - ,Element ID: - ,Test Data: -
2019-10-08 09:02:26,691 [AWT-EventQueue-0] INFO com.AnyAUT.ExecuteTest - KW: openBrowser ,Element Type: - ,Element By: - ,Element ID: - ,Test Data: chrome
2019-10-08 09:02:30,764 [AWT-EventQueue-0] INFO com.AnyAUT.ExecuteTest - KW: navigateBrowser ,Element Type: - ,Element By: - ,Element ID: - ,Test Data: https://20005.claimatic.net
2019-10-08 09:02:32,798 [AWT-EventQueue-0] INFO com.AnyAUT.ExecuteTest - KW: clearText ,Element Type: Reusable Element ,Element By: xpath ,Element ID: //input[@type='text'] ,Test Data: -
2019-10-08 09:02:32,864 [AWT-EventQueue-0] INFO com.AnyAUT.ExecuteTest - KW: tabKeyboard ,Element Type: Reusable Element ,Element By: xpath ,Element ID: //input[@type='text'] ,Test Data: -
2019-10-08 09:02:32,938 [AWT-EventQueue-0] INFO com.AnyAUT.ExecuteTest - KW: clearText ,Element Type: Reusable Element ,Element By: xpath ,Element ID: //input[@type='password'] ,Test Data: -
2019-10-08 09:02:33,004 [AWT-EventQueue-0] INFO com.AnyAUT.ExecuteTest - KW: tabKeyboard ,Element Type: Reusable Element ,Element By: xpath ,Element ID: //input[@type='password'] ,Test Data: -
2019-10-08 09:02:33,085 [AWT-EventQueue-0] INFO com.AnyAUT.ExecuteTest - KW: clickButton ,Element Type: Reusable Element ,Element By: xpath ,Element ID: //a[contains(@href, '#collapseOne')] ,Test Data: -
2019-10-08 09:02:33,185 [AWT-EventQueue-0] ERROR com.AnyAUT.ExecuteTest - Error : WebDriverException
2019-10-08 09:02:33,706 [AWT-EventQueue-0] INFO com.AnyAUT.ExecuteTest - KW: waitForSeconds ,Element Type: - ,Element By: - ,Element ID: - ,Test Data: 5
2019-10-08 09:02:38,708 [AWT-EventQueue-0] INFO com.AnyAUT.ExecuteTest - KW: scrollByElement ,Element Type: Reusable Element ,Element By: xpath ,Element ID: //input[@name='_forget_password_email'] ,Test Data: -
2019-10-08 09:02:38,747 [AWT-EventQueue-0] INFO com.AnyAUT.ExecuteTest - KW: clickButton ,Element Type: Reusable Element ,Element By: xpath ,Element ID: //button[@id='reset_password'] ,Test Data: -
2019-10-08 09:02:44,758 [AWT-EventQueue-0] INFO com.AnyAUT.ExecuteTest - KW: waitForSeconds ,Element Type: - ,Element By: - ,Element ID: - ,Test Data: 30
2019-10-08 09:03:14,758 [AWT-EventQueue-0] INFO com.AnyAUT.ExecuteTest - KW: verifyValue ,Element Type: Reusable Element ,Element By:  ,Element ID: //input[@placeholder='Enter your email address'] ,Test Data: Hmm, Try Again
2019-10-08 09:03:14,768 [AWT-EventQueue-0] ERROR com.AnyAUT.ExecuteTest - Error : NoSuchWindowException
2019-10-08 09:03:14,771 [AWT-EventQueue-0] INFO com.AnyAUT.ExecuteTest - KW: closeBrowser ,Element Type: - ,Element By: - ,Element ID: - ,Test Data: -
2019-10-08 09:03:16,781 [AWT-EventQueue-0] ERROR com.AnyAUT.ExecuteTest - Error : WebDriverException
2019-10-08 09:03:16,784 [AWT-EventQueue-0] INFO com.AnyAUT.ExecuteTest - KW: openBrowser ,Element Type: - ,Element By: - ,Element ID: - ,Test Data: firefox
2019-10-08 09:03:21,824 [AWT-EventQueue-0] INFO com.AnyAUT.ExecuteTest - KW: navigateBrowser ,Element Type: - ,Element By: - ,Element ID: - ,Test Data: https://20005.claimatic.net
2019-10-08 09:03:23,304 [AWT-EventQueue-0] INFO com.AnyAUT.ExecuteTest - KW: clearText ,Element Type: Reusable Element ,Element By: xpath ,Element ID: //input[@type='text'] ,Test Data: -
2019-10-08 09:03:23,367 [AWT-EventQueue-0] INFO com.AnyAUT.ExecuteTest - KW: tabKeyboard ,Element Type: Reusable Element ,Element By: xpath ,Element ID: //input[@type='text'] ,Test Data: -
2019-10-08 09:03:23,429 [AWT-EventQueue-0] INFO com.AnyAUT.ExecuteTest - KW: clearText ,Element Type: Reusable Element ,Element By: xpath ,Element ID: //input[@type='password'] ,Test Data: -
2019-10-08 09:03:23,470 [AWT-EventQueue-0] INFO com.AnyAUT.ExecuteTest - KW: tabKeyboard ,Element Type: Reusable Element ,Element By: xpath ,Element ID: //input[@type='password'] ,Test Data: -
2019-10-08 09:03:23,569 [AWT-EventQueue-0] INFO com.AnyAUT.ExecuteTest - KW: clickButton ,Element Type: Reusable Element ,Element By: xpath ,Element ID: //a[contains(@href, '#collapseOne')] ,Test Data: -
2019-10-08 09:03:23,854 [AWT-EventQueue-0] INFO com.AnyAUT.ExecuteTest - KW: waitForSeconds ,Element Type: - ,Element By: - ,Element ID: - ,Test Data: 5
2019-10-08 09:03:28,855 [AWT-EventQueue-0] INFO com.AnyAUT.ExecuteTest - KW: scrollByElement ,Element Type: Reusable Element ,Element By: xpath ,Element ID: //input[@name='_forget_password_email'] ,Test Data: -
2019-10-08 09:03:28,890 [AWT-EventQueue-0] INFO com.AnyAUT.ExecuteTest - KW: clickButton ,Element Type: Reusable Element ,Element By: xpath ,Element ID: //button[@id='reset_password'] ,Test Data: -
2019-10-08 09:03:29,151 [AWT-EventQueue-0] INFO com.AnyAUT.ExecuteTest - KW: waitForSeconds ,Element Type: - ,Element By: - ,Element ID: - ,Test Data: 30
2019-10-08 09:03:59,153 [AWT-EventQueue-0] INFO com.AnyAUT.ExecuteTest - KW: verifyValue ,Element Type: Reusable Element ,Element By:  ,Element ID: //input[@placeholder='Enter your email address'] ,Test Data: Hmm, Try Again
2019-10-08 09:03:59,202 [AWT-EventQueue-0] INFO com.AnyAUT.ExecuteTest - KW: closeBrowser ,Element Type: - ,Element By: - ,Element ID: - ,Test Data: -
2019-10-08 09:12:40,451 [AWT-EventQueue-0] INFO com.AnyAUT.PrepareRun - Input FIle Path: C:\CTAF-Main-SourceCode-v0.94\CTAF_V0.94_GIT\Demo_Small.xls
2019-10-08 09:12:40,455 [AWT-EventQueue-0] INFO com.AnyAUT.PrepareRun - Output file path  :C:\CTAF-Main-SourceCode-v0.94\CTAF_V0.94_GIT\Results\TestRun_08Oct_0912/TestRun_08Oct_0912.xls
2019-10-08 09:12:40,939 [AWT-EventQueue-0] INFO com.AnyAUT.PrepareRun - Entered Main Test
2019-10-08 09:12:40,940 [AWT-EventQueue-0] INFO com.AnyAUT.PrepareRun - Completed fetching the test cases ready for execution
2019-10-08 09:12:40,945 [AWT-EventQueue-0] INFO com.AnyAUT.PrepareRun - Completed assigning the top row
2019-10-08 09:12:40,945 [AWT-EventQueue-0] INFO com.AnyAUT.PrepareRun - Completed fetching test data sets for test case
2019-10-08 09:12:40,966 [AWT-EventQueue-0] INFO com.AnyAUT.PrepareRun - Completed fetching test data sets for test case
2019-10-08 09:12:40,970 [AWT-EventQueue-0] INFO com.AnyAUT.PrepareRun - Main test execution has completed
2019-10-08 09:12:40,972 [AWT-EventQueue-0] INFO com.AnyAUT.PrepareRun - Test Cases are added to the array
2019-10-08 09:12:41,862 [AWT-EventQueue-0] INFO com.AnyAUT.ExecuteTest - C:\CTAF-Main-SourceCode-v0.94\CTAF_V0.94_GIT/Results/TestRun_08Oct_0912/TestRun_08Oct_0912.xls
2019-10-08 09:12:41,862 [AWT-EventQueue-0] INFO com.AnyAUT.ExecuteTest - C:\CTAF-Main-SourceCode-v0.94\CTAF_V0.94_GIT/Results/TestRun_08Oct_0912/RunResult.xls
2019-10-08 09:12:41,865 [AWT-EventQueue-0] INFO com.AnyAUT.ExecuteTest - Rows are 45
2019-10-08 09:12:41,866 [AWT-EventQueue-0] INFO com.AnyAUT.ExecuteTest - Cols are 15
2019-10-08 09:12:41,883 [AWT-EventQueue-0] INFO com.AnyAUT.ExecuteTest - KW: openBrowser ,Element Type: - ,Element By: - ,Element ID: - ,Test Data: chrome
2019-10-08 09:12:46,440 [AWT-EventQueue-0] INFO com.AnyAUT.ExecuteTest - KW: navigateBrowser ,Element Type: - ,Element By: - ,Element ID: - ,Test Data: https://20005.claimatic.net
2019-10-08 09:12:48,111 [AWT-EventQueue-0] INFO com.AnyAUT.ExecuteTest - KW: typeText ,Element Type: Reusable Element ,Element By: xpath ,Element ID: //input[@type='text'] ,Test Data: Pankaja_sa 
2019-10-08 09:12:48,494 [AWT-EventQueue-0] INFO com.AnyAUT.ExecuteTest - KW: typeText ,Element Type: Reusable Element ,Element By: xpath ,Element ID: //input[@type='password'] ,Test Data: fish90
2019-10-08 09:12:48,645 [AWT-EventQueue-0] INFO com.AnyAUT.ExecuteTest - KW: clickElement ,Element Type: Reusable Element ,Element By: xpath ,Element ID: //button[@type='submit'] ,Test Data: -
2019-10-08 09:12:48,730 [AWT-EventQueue-0] INFO com.AnyAUT.ExecuteTest - KW: waitForSeconds ,Element Type: - ,Element By: - ,Element ID: - ,Test Data: 5
2019-10-08 09:12:53,731 [AWT-EventQueue-0] INFO com.AnyAUT.ExecuteTest - KW: clickButton ,Element Type: Reusable Element ,Element By: xpath ,Element ID: //span[contains(text(),'Welcome ')] ,Test Data: -
2019-10-08 09:12:53,815 [AWT-EventQueue-0] INFO com.AnyAUT.ExecuteTest - KW: clickButton ,Element Type: Reusable Element ,Element By: xpath ,Element ID: //a[contains(text(),'Log Off')] ,Test Data: -
2019-10-08 09:12:54,269 [AWT-EventQueue-0] INFO com.AnyAUT.ExecuteTest - KW: closeBrowser ,Element Type: - ,Element By: - ,Element ID: - ,Test Data: -
2019-10-08 09:12:56,600 [AWT-EventQueue-0] INFO com.AnyAUT.ExecuteTest - KW: openBrowser ,Element Type: - ,Element By: - ,Element ID: - ,Test Data: firefox
2019-10-08 09:13:01,240 [AWT-EventQueue-0] INFO com.AnyAUT.ExecuteTest - KW: navigateBrowser ,Element Type: - ,Element By: - ,Element ID: - ,Test Data: https://20005.claimatic.net
2019-10-08 09:13:02,516 [AWT-EventQueue-0] INFO com.AnyAUT.ExecuteTest - KW: typeText ,Element Type: Reusable Element ,Element By: xpath ,Element ID: //input[@type='text'] ,Test Data: kkosireddi_sa 
2019-10-08 09:13:02,640 [AWT-EventQueue-0] INFO com.AnyAUT.ExecuteTest - KW: typeText ,Element Type: Reusable Element ,Element By: xpath ,Element ID: //input[@type='password'] ,Test Data: fish90
2019-10-08 09:13:02,739 [AWT-EventQueue-0] INFO com.AnyAUT.ExecuteTest - KW: clickElement ,Element Type: Reusable Element ,Element By: xpath ,Element ID: //button[@type='submit'] ,Test Data: -
2019-10-08 09:13:03,706 [AWT-EventQueue-0] INFO com.AnyAUT.ExecuteTest - KW: waitForSeconds ,Element Type: - ,Element By: - ,Element ID: - ,Test Data: 5
2019-10-08 09:13:08,707 [AWT-EventQueue-0] INFO com.AnyAUT.ExecuteTest - KW: clickButton ,Element Type: Reusable Element ,Element By: xpath ,Element ID: //span[contains(text(),'Welcome ')] ,Test Data: -
2019-10-08 09:13:08,958 [AWT-EventQueue-0] INFO com.AnyAUT.ExecuteTest - KW: clickButton ,Element Type: Reusable Element ,Element By: xpath ,Element ID: //a[contains(text(),'Log Off')] ,Test Data: -
2019-10-08 09:13:09,452 [AWT-EventQueue-0] INFO com.AnyAUT.ExecuteTest - KW: closeBrowser ,Element Type: - ,Element By: - ,Element ID: - ,Test Data: -
2019-10-08 09:13:14,218 [AWT-EventQueue-0] INFO com.AnyAUT.ExecuteTest - KW: openBrowser ,Element Type: - ,Element By: - ,Element ID: - ,Test Data: chrome
2019-10-08 09:13:18,168 [AWT-EventQueue-0] INFO com.AnyAUT.ExecuteTest - KW: navigateBrowser ,Element Type: - ,Element By: - ,Element ID: - ,Test Data: https://20005.claimatic.net
2019-10-08 09:13:19,261 [AWT-EventQueue-0] INFO com.AnyAUT.ExecuteTest - KW: clearText ,Element Type: Reusable Element ,Element By: xpath ,Element ID: //input[@type='text'] ,Test Data: -
2019-10-08 09:13:19,345 [AWT-EventQueue-0] INFO com.AnyAUT.ExecuteTest - KW: tabKeyboard ,Element Type: Reusable Element ,Element By: xpath ,Element ID: //input[@type='text'] ,Test Data: -
2019-10-08 09:13:19,431 [AWT-EventQueue-0] INFO com.AnyAUT.ExecuteTest - KW: clearText ,Element Type: Reusable Element ,Element By: xpath ,Element ID: //input[@type='password'] ,Test Data: -
2019-10-08 09:13:19,560 [AWT-EventQueue-0] INFO com.AnyAUT.ExecuteTest - KW: tabKeyboard ,Element Type: Reusable Element ,Element By: xpath ,Element ID: //input[@type='password'] ,Test Data: -
2019-10-08 09:13:19,646 [AWT-EventQueue-0] INFO com.AnyAUT.ExecuteTest - KW: clickButton ,Element Type: Reusable Element ,Element By: xpath ,Element ID: //a[contains(@href, '#collapseOne')] ,Test Data: -
2019-10-08 09:13:19,791 [AWT-EventQueue-0] INFO com.AnyAUT.ExecuteTest - KW: waitForSeconds ,Element Type: - ,Element By: - ,Element ID: - ,Test Data: 5
2019-10-08 09:13:24,795 [AWT-EventQueue-0] INFO com.AnyAUT.ExecuteTest - KW: scrollByElement ,Element Type: Reusable Element ,Element By: xpath ,Element ID: //input[@name='_forget_password_email'] ,Test Data: -
2019-10-08 09:13:24,841 [AWT-EventQueue-0] INFO com.AnyAUT.ExecuteTest - KW: clickButton ,Element Type: Reusable Element ,Element By: xpath ,Element ID: //button[@id='reset_password'] ,Test Data: -
2019-10-08 09:13:24,918 [AWT-EventQueue-0] INFO com.AnyAUT.ExecuteTest - KW: waitForSeconds ,Element Type: - ,Element By: - ,Element ID: - ,Test Data: 30
2019-10-08 09:13:54,919 [AWT-EventQueue-0] INFO com.AnyAUT.ExecuteTest - KW: verifyValue ,Element Type: Reusable Element ,Element By:  ,Element ID: //input[@placeholder='Enter your email address'] ,Test Data: Hmm, Try Again
2019-10-08 09:13:54,974 [AWT-EventQueue-0] INFO com.AnyAUT.ExecuteTest - KW: closeBrowser ,Element Type: - ,Element By: - ,Element ID: - ,Test Data: -
2019-10-08 09:13:55,052 [AWT-EventQueue-0] INFO com.AnyAUT.ExecuteTest - KW: openBrowser ,Element Type: - ,Element By: - ,Element ID: - ,Test Data: firefox
2019-10-08 09:13:59,661 [AWT-EventQueue-0] INFO com.AnyAUT.ExecuteTest - KW: navigateBrowser ,Element Type: - ,Element By: - ,Element ID: - ,Test Data: https://20005.claimatic.net
2019-10-08 09:14:00,883 [AWT-EventQueue-0] INFO com.AnyAUT.ExecuteTest - KW: clearText ,Element Type: Reusable Element ,Element By: xpath ,Element ID: //input[@type='text'] ,Test Data: -
2019-10-08 09:14:00,947 [AWT-EventQueue-0] INFO com.AnyAUT.ExecuteTest - KW: tabKeyboard ,Element Type: Reusable Element ,Element By: xpath ,Element ID: //input[@type='text'] ,Test Data: -
2019-10-08 09:14:01,009 [AWT-EventQueue-0] INFO com.AnyAUT.ExecuteTest - KW: clearText ,Element Type: Reusable Element ,Element By: xpath ,Element ID: //input[@type='password'] ,Test Data: -
2019-10-08 09:14:01,044 [AWT-EventQueue-0] INFO com.AnyAUT.ExecuteTest - KW: tabKeyboard ,Element Type: Reusable Element ,Element By: xpath ,Element ID: //input[@type='password'] ,Test Data: -
2019-10-08 09:14:01,106 [AWT-EventQueue-0] INFO com.AnyAUT.ExecuteTest - KW: clickButton ,Element Type: Reusable Element ,Element By: xpath ,Element ID: //a[contains(@href, '#collapseOne')] ,Test Data: -
2019-10-08 09:14:01,381 [AWT-EventQueue-0] INFO com.AnyAUT.ExecuteTest - KW: waitForSeconds ,Element Type: - ,Element By: - ,Element ID: - ,Test Data: 5
2019-10-08 09:14:06,383 [AWT-EventQueue-0] INFO com.AnyAUT.ExecuteTest - KW: scrollByElement ,Element Type: Reusable Element ,Element By: xpath ,Element ID: //input[@name='_forget_password_email'] ,Test Data: -
2019-10-08 09:14:06,414 [AWT-EventQueue-0] INFO com.AnyAUT.ExecuteTest - KW: clickButton ,Element Type: Reusable Element ,Element By: xpath ,Element ID: //button[@id='reset_password'] ,Test Data: -
2019-10-08 09:14:06,670 [AWT-EventQueue-0] INFO com.AnyAUT.ExecuteTest - KW: waitForSeconds ,Element Type: - ,Element By: - ,Element ID: - ,Test Data: 30
2019-10-08 09:14:36,671 [AWT-EventQueue-0] INFO com.AnyAUT.ExecuteTest - KW: verifyValue ,Element Type: Reusable Element ,Element By:  ,Element ID: //input[@placeholder='Enter your email address'] ,Test Data: Hmm, Try Again
2019-10-08 09:14:36,910 [AWT-EventQueue-0] ERROR com.AnyAUT.ExecuteTest - Error : NoSuchSessionException
2019-10-08 09:14:36,925 [AWT-EventQueue-0] INFO com.AnyAUT.ExecuteTest - KW: closeBrowser ,Element Type: - ,Element By: - ,Element ID: - ,Test Data: -
2019-10-08 09:14:36,929 [AWT-EventQueue-0] ERROR com.AnyAUT.ExecuteTest - Error : NoSuchSessionException
2019-10-08 09:14:37,440 [AWT-EventQueue-0] ERROR com.AnyAUT.ExecuteTest - Exception in getResults methodFileNotFoundException
2019-10-08 09:16:13,237 [AWT-EventQueue-0] INFO com.AnyAUT.PrepareRun - Input FIle Path: C:\CTAF-Main-SourceCode-v0.94\CTAF_V0.94_GIT\Demo_Small.xls
2019-10-08 09:16:13,240 [AWT-EventQueue-0] INFO com.AnyAUT.PrepareRun - Output file path  :C:\CTAF-Main-SourceCode-v0.94\CTAF_V0.94_GIT\Results\TestRun_08Oct_0916/TestRun_08Oct_0916.xls
2019-10-08 09:16:13,708 [AWT-EventQueue-0] INFO com.AnyAUT.PrepareRun - Entered Main Test
2019-10-08 09:16:13,710 [AWT-EventQueue-0] INFO com.AnyAUT.PrepareRun - Completed fetching the test cases ready for execution
2019-10-08 09:16:13,711 [AWT-EventQueue-0] INFO com.AnyAUT.PrepareRun - Completed assigning the top row
2019-10-08 09:16:13,711 [AWT-EventQueue-0] INFO com.AnyAUT.PrepareRun - Completed fetching test data sets for test case
2019-10-08 09:16:13,713 [AWT-EventQueue-0] INFO com.AnyAUT.PrepareRun - Completed fetching test data sets for test case
2019-10-08 09:16:13,715 [AWT-EventQueue-0] INFO com.AnyAUT.PrepareRun - Main test execution has completed
2019-10-08 09:16:13,717 [AWT-EventQueue-0] INFO com.AnyAUT.PrepareRun - Test Cases are added to the array
2019-10-08 09:16:14,662 [AWT-EventQueue-0] INFO com.AnyAUT.ExecuteTest - C:\CTAF-Main-SourceCode-v0.94\CTAF_V0.94_GIT/Results/TestRun_08Oct_0916/TestRun_08Oct_0916.xls
2019-10-08 09:16:14,662 [AWT-EventQueue-0] INFO com.AnyAUT.ExecuteTest - C:\CTAF-Main-SourceCode-v0.94\CTAF_V0.94_GIT/Results/TestRun_08Oct_0916/RunResult.xls
2019-10-08 09:16:14,664 [AWT-EventQueue-0] INFO com.AnyAUT.ExecuteTest - Rows are 45
2019-10-08 09:16:14,664 [AWT-EventQueue-0] INFO com.AnyAUT.ExecuteTest - Cols are 15
2019-10-08 09:16:14,669 [AWT-EventQueue-0] INFO com.AnyAUT.ExecuteTest - KW: openBrowser ,Element Type: - ,Element By: - ,Element ID: - ,Test Data: chrome
2019-10-08 09:16:19,043 [AWT-EventQueue-0] INFO com.AnyAUT.ExecuteTest - KW: navigateBrowser ,Element Type: - ,Element By: - ,Element ID: - ,Test Data: https://20005.claimatic.net
2019-10-08 09:16:20,441 [AWT-EventQueue-0] INFO com.AnyAUT.ExecuteTest - KW: typeText ,Element Type: Reusable Element ,Element By: xpath ,Element ID: //input[@type='text'] ,Test Data: Pankaja_sa 
2019-10-08 09:16:20,634 [AWT-EventQueue-0] INFO com.AnyAUT.ExecuteTest - KW: typeText ,Element Type: Reusable Element ,Element By: xpath ,Element ID: //input[@type='password'] ,Test Data: fish90
2019-10-08 09:16:20,799 [AWT-EventQueue-0] INFO com.AnyAUT.ExecuteTest - KW: clickElement ,Element Type: Reusable Element ,Element By: xpath ,Element ID: //button[@type='submit'] ,Test Data: -
2019-10-08 09:16:20,914 [AWT-EventQueue-0] INFO com.AnyAUT.ExecuteTest - KW: waitForSeconds ,Element Type: - ,Element By: - ,Element ID: - ,Test Data: 5
2019-10-08 09:16:25,917 [AWT-EventQueue-0] INFO com.AnyAUT.ExecuteTest - KW: clickButton ,Element Type: Reusable Element ,Element By: xpath ,Element ID: //span[contains(text(),'Welcome ')] ,Test Data: -
2019-10-08 09:16:25,992 [AWT-EventQueue-0] INFO com.AnyAUT.ExecuteTest - KW: clickButton ,Element Type: Reusable Element ,Element By: xpath ,Element ID: //a[contains(text(),'Log Off')] ,Test Data: -
2019-10-08 09:16:26,424 [AWT-EventQueue-0] INFO com.AnyAUT.ExecuteTest - KW: closeBrowser ,Element Type: - ,Element By: - ,Element ID: - ,Test Data: -
2019-10-08 09:16:26,552 [AWT-EventQueue-0] INFO com.AnyAUT.ExecuteTest - KW: openBrowser ,Element Type: - ,Element By: - ,Element ID: - ,Test Data: firefox
2019-10-08 09:16:31,063 [AWT-EventQueue-0] INFO com.AnyAUT.ExecuteTest - KW: navigateBrowser ,Element Type: - ,Element By: - ,Element ID: - ,Test Data: https://20005.claimatic.net
2019-10-08 09:16:32,221 [AWT-EventQueue-0] INFO com.AnyAUT.ExecuteTest - KW: typeText ,Element Type: Reusable Element ,Element By: xpath ,Element ID: //input[@type='text'] ,Test Data: kkosireddi_sa 
2019-10-08 09:16:32,351 [AWT-EventQueue-0] INFO com.AnyAUT.ExecuteTest - KW: typeText ,Element Type: Reusable Element ,Element By: xpath ,Element ID: //input[@type='password'] ,Test Data: fish90
2019-10-08 09:16:32,454 [AWT-EventQueue-0] INFO com.AnyAUT.ExecuteTest - KW: clickElement ,Element Type: Reusable Element ,Element By: xpath ,Element ID: //button[@type='submit'] ,Test Data: -
2019-10-08 09:16:33,401 [AWT-EventQueue-0] INFO com.AnyAUT.ExecuteTest - KW: waitForSeconds ,Element Type: - ,Element By: - ,Element ID: - ,Test Data: 5
2019-10-08 09:16:38,477 [AWT-EventQueue-0] INFO com.AnyAUT.ExecuteTest - KW: clickButton ,Element Type: Reusable Element ,Element By: xpath ,Element ID: //span[contains(text(),'Welcome ')] ,Test Data: -
2019-10-08 09:16:38,736 [AWT-EventQueue-0] INFO com.AnyAUT.ExecuteTest - KW: clickButton ,Element Type: Reusable Element ,Element By: xpath ,Element ID: //a[contains(text(),'Log Off')] ,Test Data: -
2019-10-08 09:16:39,195 [AWT-EventQueue-0] INFO com.AnyAUT.ExecuteTest - KW: closeBrowser ,Element Type: - ,Element By: - ,Element ID: - ,Test Data: -
2019-10-08 09:16:43,694 [AWT-EventQueue-0] INFO com.AnyAUT.ExecuteTest - KW: openBrowser ,Element Type: - ,Element By: - ,Element ID: - ,Test Data: chrome
2019-10-08 09:16:47,570 [AWT-EventQueue-0] INFO com.AnyAUT.ExecuteTest - KW: navigateBrowser ,Element Type: - ,Element By: - ,Element ID: - ,Test Data: https://20005.claimatic.net
2019-10-08 09:16:48,481 [AWT-EventQueue-0] INFO com.AnyAUT.ExecuteTest - KW: clearText ,Element Type: Reusable Element ,Element By: xpath ,Element ID: //input[@type='text'] ,Test Data: -
2019-10-08 09:16:48,546 [AWT-EventQueue-0] INFO com.AnyAUT.ExecuteTest - KW: tabKeyboard ,Element Type: Reusable Element ,Element By: xpath ,Element ID: //input[@type='text'] ,Test Data: -
2019-10-08 09:16:48,618 [AWT-EventQueue-0] INFO com.AnyAUT.ExecuteTest - KW: clearText ,Element Type: Reusable Element ,Element By: xpath ,Element ID: //input[@type='password'] ,Test Data: -
2019-10-08 09:16:48,681 [AWT-EventQueue-0] INFO com.AnyAUT.ExecuteTest - KW: tabKeyboard ,Element Type: Reusable Element ,Element By: xpath ,Element ID: //input[@type='password'] ,Test Data: -
2019-10-08 09:16:48,749 [AWT-EventQueue-0] INFO com.AnyAUT.ExecuteTest - KW: clickButton ,Element Type: Reusable Element ,Element By: xpath ,Element ID: //a[contains(@href, '#collapseOne')] ,Test Data: -
2019-10-08 09:16:48,859 [AWT-EventQueue-0] INFO com.AnyAUT.ExecuteTest - KW: waitForSeconds ,Element Type: - ,Element By: - ,Element ID: - ,Test Data: 5
2019-10-08 09:16:53,859 [AWT-EventQueue-0] INFO com.AnyAUT.ExecuteTest - KW: scrollByElement ,Element Type: Reusable Element ,Element By: xpath ,Element ID: //input[@name='_forget_password_email'] ,Test Data: -
2019-10-08 09:16:53,901 [AWT-EventQueue-0] INFO com.AnyAUT.ExecuteTest - KW: clickButton ,Element Type: Reusable Element ,Element By: xpath ,Element ID: //button[@id='reset_password'] ,Test Data: -
2019-10-08 09:16:53,978 [AWT-EventQueue-0] INFO com.AnyAUT.ExecuteTest - KW: waitForSeconds ,Element Type: - ,Element By: - ,Element ID: - ,Test Data: waitString
2019-10-08 09:16:53,979 [AWT-EventQueue-0] ERROR com.AnyAUT.ExecuteTest - Error : NumberFormatException
2019-10-08 09:16:54,458 [AWT-EventQueue-0] INFO com.AnyAUT.ExecuteTest - KW: verifyValue ,Element Type: Reusable Element ,Element By:  ,Element ID: //input[@placeholder='Enter your email address'] ,Test Data: Hmm, Try Again
2019-10-08 09:16:54,498 [AWT-EventQueue-0] INFO com.AnyAUT.ExecuteTest - KW: closeBrowser ,Element Type: - ,Element By: - ,Element ID: - ,Test Data: -
2019-10-08 09:16:54,594 [AWT-EventQueue-0] INFO com.AnyAUT.ExecuteTest - KW: openBrowser ,Element Type: - ,Element By: - ,Element ID: - ,Test Data: firefox
2019-10-08 09:16:59,742 [AWT-EventQueue-0] INFO com.AnyAUT.ExecuteTest - KW: navigateBrowser ,Element Type: - ,Element By: - ,Element ID: - ,Test Data: https://20005.claimatic.net
2019-10-08 09:17:01,508 [AWT-EventQueue-0] INFO com.AnyAUT.ExecuteTest - KW: clearText ,Element Type: Reusable Element ,Element By: xpath ,Element ID: //input[@type='text'] ,Test Data: -
2019-10-08 09:17:01,569 [AWT-EventQueue-0] INFO com.AnyAUT.ExecuteTest - KW: tabKeyboard ,Element Type: Reusable Element ,Element By: xpath ,Element ID: //input[@type='text'] ,Test Data: -
2019-10-08 09:17:01,636 [AWT-EventQueue-0] INFO com.AnyAUT.ExecuteTest - KW: clearText ,Element Type: Reusable Element ,Element By: xpath ,Element ID: //input[@type='password'] ,Test Data: -
2019-10-08 09:17:01,700 [AWT-EventQueue-0] INFO com.AnyAUT.ExecuteTest - KW: tabKeyboard ,Element Type: Reusable Element ,Element By: xpath ,Element ID: //input[@type='password'] ,Test Data: -
2019-10-08 09:17:01,760 [AWT-EventQueue-0] INFO com.AnyAUT.ExecuteTest - KW: clickButton ,Element Type: Reusable Element ,Element By: xpath ,Element ID: //a[contains(@href, '#collapseOne')] ,Test Data: -
2019-10-08 09:17:02,046 [AWT-EventQueue-0] INFO com.AnyAUT.ExecuteTest - KW: waitForSeconds ,Element Type: - ,Element By: - ,Element ID: - ,Test Data: 5
2019-10-08 09:17:07,048 [AWT-EventQueue-0] INFO com.AnyAUT.ExecuteTest - KW: scrollByElement ,Element Type: Reusable Element ,Element By: xpath ,Element ID: //input[@name='_forget_password_email'] ,Test Data: -
2019-10-08 09:17:07,078 [AWT-EventQueue-0] INFO com.AnyAUT.ExecuteTest - KW: clickButton ,Element Type: Reusable Element ,Element By: xpath ,Element ID: //button[@id='reset_password'] ,Test Data: -
2019-10-08 09:17:07,333 [AWT-EventQueue-0] INFO com.AnyAUT.ExecuteTest - KW: waitForSeconds ,Element Type: - ,Element By: - ,Element ID: - ,Test Data: waitString
2019-10-08 09:17:07,333 [AWT-EventQueue-0] ERROR com.AnyAUT.ExecuteTest - Error : NumberFormatException
2019-10-08 09:17:07,481 [AWT-EventQueue-0] INFO com.AnyAUT.ExecuteTest - KW: verifyValue ,Element Type: Reusable Element ,Element By:  ,Element ID: //input[@placeholder='Enter your email address'] ,Test Data: Hmm, Try Again
2019-10-08 09:17:07,506 [AWT-EventQueue-0] INFO com.AnyAUT.ExecuteTest - KW: closeBrowser ,Element Type: - ,Element By: - ,Element ID: - ,Test Data: -
2019-10-08 09:20:46,814 [main] INFO com.AnyAUT.PrepareRun - Input FIle Path: C:\CTAF-Main-SourceCode-v0.94\CTAF_V0.94_GIT\Demo_Small.xls
2019-10-08 09:20:46,816 [main] INFO com.AnyAUT.PrepareRun - Output file path  :C:\CTAF-Main-SourceCode-v0.94\CTAF_V0.94_GIT\Results\TestRun_Jenkins-Test/TestRun_Jenkins-Test.xls
2019-10-08 09:20:47,289 [main] INFO com.AnyAUT.PrepareRun - Entered Main Test
2019-10-08 09:20:47,289 [main] INFO com.AnyAUT.PrepareRun - Completed fetching the test cases ready for execution
2019-10-08 09:20:47,294 [main] INFO com.AnyAUT.PrepareRun - Completed assigning the top row
2019-10-08 09:20:47,294 [main] INFO com.AnyAUT.PrepareRun - Completed fetching test data sets for test case
2019-10-08 09:20:47,305 [main] INFO com.AnyAUT.PrepareRun - Completed fetching test data sets for test case
2019-10-08 09:20:47,311 [main] INFO com.AnyAUT.PrepareRun - Main test execution has completed
2019-10-08 09:20:47,314 [main] INFO com.AnyAUT.PrepareRun - Test Cases are added to the array
2019-10-08 09:20:48,155 [main] INFO com.AnyAUT.ExecuteTest - C:\CTAF-Main-SourceCode-v0.94\CTAF_V0.94_GIT/Results/TestRun_Jenkins-Test/TestRun_Jenkins-Test.xls
2019-10-08 09:20:48,156 [main] INFO com.AnyAUT.ExecuteTest - C:\CTAF-Main-SourceCode-v0.94\CTAF_V0.94_GIT/Results/TestRun_Jenkins-Test/RunResult.xls
2019-10-08 09:20:48,159 [main] INFO com.AnyAUT.ExecuteTest - Rows are 45
2019-10-08 09:20:48,160 [main] INFO com.AnyAUT.ExecuteTest - Cols are 15
2019-10-08 09:20:48,166 [main] INFO com.AnyAUT.ExecuteTest - KW: openBrowser ,Element Type: - ,Element By: - ,Element ID: - ,Test Data: chrome
2019-10-08 09:20:52,531 [main] INFO com.AnyAUT.ExecuteTest - KW: navigateBrowser ,Element Type: - ,Element By: - ,Element ID: - ,Test Data: https://20005.claimatic.net
2019-10-08 09:20:53,960 [main] INFO com.AnyAUT.ExecuteTest - KW: typeText ,Element Type: Reusable Element ,Element By: xpath ,Element ID: //input[@type='text'] ,Test Data: Pankaja_sa 
2019-10-08 09:20:54,145 [main] INFO com.AnyAUT.ExecuteTest - KW: typeText ,Element Type: Reusable Element ,Element By: xpath ,Element ID: //input[@type='password'] ,Test Data: fish90
2019-10-08 09:20:54,279 [main] INFO com.AnyAUT.ExecuteTest - KW: clickElement ,Element Type: Reusable Element ,Element By: xpath ,Element ID: //button[@type='submit'] ,Test Data: -
2019-10-08 09:20:54,370 [main] INFO com.AnyAUT.ExecuteTest - KW: waitForSeconds ,Element Type: - ,Element By: - ,Element ID: - ,Test Data: 5
2019-10-08 09:20:59,371 [main] INFO com.AnyAUT.ExecuteTest - KW: clickButton ,Element Type: Reusable Element ,Element By: xpath ,Element ID: //span[contains(text(),'Welcome ')] ,Test Data: -
2019-10-08 09:20:59,454 [main] INFO com.AnyAUT.ExecuteTest - KW: clickButton ,Element Type: Reusable Element ,Element By: xpath ,Element ID: //a[contains(text(),'Log Off')] ,Test Data: -
2019-10-08 09:20:59,933 [main] INFO com.AnyAUT.ExecuteTest - KW: closeBrowser ,Element Type: - ,Element By: - ,Element ID: - ,Test Data: -
2019-10-08 09:21:00,041 [main] INFO com.AnyAUT.ExecuteTest - KW: openBrowser ,Element Type: - ,Element By: - ,Element ID: - ,Test Data: firefox
2019-10-08 09:21:04,567 [main] INFO com.AnyAUT.ExecuteTest - KW: navigateBrowser ,Element Type: - ,Element By: - ,Element ID: - ,Test Data: https://20005.claimatic.net
2019-10-08 09:21:06,338 [main] INFO com.AnyAUT.ExecuteTest - KW: typeText ,Element Type: Reusable Element ,Element By: xpath ,Element ID: //input[@type='text'] ,Test Data: kkosireddi_sa 
2019-10-08 09:21:06,445 [main] INFO com.AnyAUT.ExecuteTest - KW: typeText ,Element Type: Reusable Element ,Element By: xpath ,Element ID: //input[@type='password'] ,Test Data: fish90
2019-10-08 09:21:06,527 [main] INFO com.AnyAUT.ExecuteTest - KW: clickElement ,Element Type: Reusable Element ,Element By: xpath ,Element ID: //button[@type='submit'] ,Test Data: -
2019-10-08 09:21:07,442 [main] INFO com.AnyAUT.ExecuteTest - KW: waitForSeconds ,Element Type: - ,Element By: - ,Element ID: - ,Test Data: 5
2019-10-08 09:21:12,443 [main] INFO com.AnyAUT.ExecuteTest - KW: clickButton ,Element Type: Reusable Element ,Element By: xpath ,Element ID: //span[contains(text(),'Welcome ')] ,Test Data: -
2019-10-08 09:21:12,692 [main] INFO com.AnyAUT.ExecuteTest - KW: clickButton ,Element Type: Reusable Element ,Element By: xpath ,Element ID: //a[contains(text(),'Log Off')] ,Test Data: -
2019-10-08 09:21:13,159 [main] INFO com.AnyAUT.ExecuteTest - KW: closeBrowser ,Element Type: - ,Element By: - ,Element ID: - ,Test Data: -
2019-10-08 09:21:17,834 [main] INFO com.AnyAUT.ExecuteTest - KW: openBrowser ,Element Type: - ,Element By: - ,Element ID: - ,Test Data: chrome
2019-10-08 09:21:21,623 [main] INFO com.AnyAUT.ExecuteTest - KW: navigateBrowser ,Element Type: - ,Element By: - ,Element ID: - ,Test Data: https://20005.claimatic.net
2019-10-08 09:21:22,923 [main] INFO com.AnyAUT.ExecuteTest - KW: clearText ,Element Type: Reusable Element ,Element By: xpath ,Element ID: //input[@type='text'] ,Test Data: -
2019-10-08 09:21:22,986 [main] INFO com.AnyAUT.ExecuteTest - KW: tabKeyboard ,Element Type: Reusable Element ,Element By: xpath ,Element ID: //input[@type='text'] ,Test Data: -
2019-10-08 09:21:23,062 [main] INFO com.AnyAUT.ExecuteTest - KW: clearText ,Element Type: Reusable Element ,Element By: xpath ,Element ID: //input[@type='password'] ,Test Data: -
2019-10-08 09:21:23,130 [main] INFO com.AnyAUT.ExecuteTest - KW: tabKeyboard ,Element Type: Reusable Element ,Element By: xpath ,Element ID: //input[@type='password'] ,Test Data: -
2019-10-08 09:21:23,189 [main] INFO com.AnyAUT.ExecuteTest - KW: clickButton ,Element Type: Reusable Element ,Element By: xpath ,Element ID: //a[contains(@href, '#collapseOne')] ,Test Data: -
2019-10-08 09:21:23,281 [main] INFO com.AnyAUT.ExecuteTest - KW: waitForSeconds ,Element Type: - ,Element By: - ,Element ID: - ,Test Data: 5
2019-10-08 09:21:28,284 [main] INFO com.AnyAUT.ExecuteTest - KW: scrollByElement ,Element Type: Reusable Element ,Element By: xpath ,Element ID: //input[@name='_forget_password_email'] ,Test Data: -
2019-10-08 09:21:28,329 [main] INFO com.AnyAUT.ExecuteTest - KW: clickButton ,Element Type: Reusable Element ,Element By: xpath ,Element ID: //button[@id='reset_password'] ,Test Data: -
2019-10-08 09:21:28,430 [main] INFO com.AnyAUT.ExecuteTest - KW: waitForSeconds ,Element Type: - ,Element By: - ,Element ID: - ,Test Data: waitString
2019-10-08 09:21:28,431 [main] ERROR com.AnyAUT.ExecuteTest - Error : NumberFormatException
2019-10-08 09:21:28,899 [main] INFO com.AnyAUT.ExecuteTest - KW: verifyValue ,Element Type: Reusable Element ,Element By:  ,Element ID: //input[@placeholder='Enter your email address'] ,Test Data: Hmm, Try Again
2019-10-08 09:21:28,942 [main] INFO com.AnyAUT.ExecuteTest - KW: closeBrowser ,Element Type: - ,Element By: - ,Element ID: - ,Test Data: -
2019-10-08 09:21:29,190 [main] INFO com.AnyAUT.ExecuteTest - KW: openBrowser ,Element Type: - ,Element By: - ,Element ID: - ,Test Data: firefox
2019-10-08 09:21:34,764 [main] INFO com.AnyAUT.ExecuteTest - KW: navigateBrowser ,Element Type: - ,Element By: - ,Element ID: - ,Test Data: https://20005.claimatic.net
2019-10-08 09:21:36,292 [main] INFO com.AnyAUT.ExecuteTest - KW: clearText ,Element Type: Reusable Element ,Element By: xpath ,Element ID: //input[@type='text'] ,Test Data: -
2019-10-08 09:21:36,346 [main] INFO com.AnyAUT.ExecuteTest - KW: tabKeyboard ,Element Type: Reusable Element ,Element By: xpath ,Element ID: //input[@type='text'] ,Test Data: -
2019-10-08 09:21:36,399 [main] INFO com.AnyAUT.ExecuteTest - KW: clearText ,Element Type: Reusable Element ,Element By: xpath ,Element ID: //input[@type='password'] ,Test Data: -
2019-10-08 09:21:36,434 [main] INFO com.AnyAUT.ExecuteTest - KW: tabKeyboard ,Element Type: Reusable Element ,Element By: xpath ,Element ID: //input[@type='password'] ,Test Data: -
2019-10-08 09:21:36,482 [main] INFO com.AnyAUT.ExecuteTest - KW: clickButton ,Element Type: Reusable Element ,Element By: xpath ,Element ID: //a[contains(@href, '#collapseOne')] ,Test Data: -
2019-10-08 09:21:36,754 [main] INFO com.AnyAUT.ExecuteTest - KW: waitForSeconds ,Element Type: - ,Element By: - ,Element ID: - ,Test Data: 5
2019-10-08 09:21:41,756 [main] INFO com.AnyAUT.ExecuteTest - KW: scrollByElement ,Element Type: Reusable Element ,Element By: xpath ,Element ID: //input[@name='_forget_password_email'] ,Test Data: -
2019-10-08 09:21:41,789 [main] INFO com.AnyAUT.ExecuteTest - KW: clickButton ,Element Type: Reusable Element ,Element By: xpath ,Element ID: //button[@id='reset_password'] ,Test Data: -
2019-10-08 09:21:42,046 [main] INFO com.AnyAUT.ExecuteTest - KW: waitForSeconds ,Element Type: - ,Element By: - ,Element ID: - ,Test Data: waitString
2019-10-08 09:21:42,046 [main] ERROR com.AnyAUT.ExecuteTest - Error : NumberFormatException
2019-10-08 09:21:42,197 [main] INFO com.AnyAUT.ExecuteTest - KW: verifyValue ,Element Type: Reusable Element ,Element By:  ,Element ID: //input[@placeholder='Enter your email address'] ,Test Data: Hmm, Try Again
2019-10-08 09:21:42,228 [main] INFO com.AnyAUT.ExecuteTest - KW: closeBrowser ,Element Type: - ,Element By: - ,Element ID: - ,Test Data: -
2019-10-08 10:28:55,301 [AWT-EventQueue-0] INFO com.AnyAUT.PrepareRun - Input FIle Path: C:\CTAF-Main-SourceCode-v0.94\CTAF_V0.94_GIT\RegressionExcels\CARRIER_SA_RegressionSuite_8thOct_2.xls
2019-10-08 10:28:55,329 [AWT-EventQueue-0] INFO com.AnyAUT.PrepareRun - Output file path  :C:\CTAF-Main-SourceCode-v0.94\CTAF_V0.94_GIT\Results\TestRun_08Oct_1028/TestRun_08Oct_1028.xls
2019-10-08 10:28:56,292 [AWT-EventQueue-0] INFO com.AnyAUT.PrepareRun - Entered Main Test
2019-10-08 10:28:56,304 [AWT-EventQueue-0] INFO com.AnyAUT.PrepareRun - Completed fetching the test cases ready for execution
2019-10-08 10:28:56,307 [AWT-EventQueue-0] INFO com.AnyAUT.PrepareRun - Completed assigning the top row
2019-10-08 10:28:56,308 [AWT-EventQueue-0] INFO com.AnyAUT.PrepareRun - Completed fetching test data sets for test case
2019-10-08 10:28:56,314 [AWT-EventQueue-0] INFO com.AnyAUT.PrepareRun - Completed fetching test data sets for test case
2019-10-08 10:28:56,317 [AWT-EventQueue-0] INFO com.AnyAUT.PrepareRun - Completed fetching test data sets for test case
2019-10-08 10:28:56,319 [AWT-EventQueue-0] INFO com.AnyAUT.PrepareRun - Completed fetching test data sets for test case
2019-10-08 10:28:56,322 [AWT-EventQueue-0] INFO com.AnyAUT.PrepareRun - Completed fetching test data sets for test case
2019-10-08 10:28:56,325 [AWT-EventQueue-0] INFO com.AnyAUT.PrepareRun - Completed fetching test data sets for test case
2019-10-08 10:28:56,328 [AWT-EventQueue-0] INFO com.AnyAUT.PrepareRun - Completed fetching test data sets for test case
2019-10-08 10:28:56,337 [AWT-EventQueue-0] INFO com.AnyAUT.PrepareRun - Completed fetching test data sets for test case
2019-10-08 10:28:56,341 [AWT-EventQueue-0] INFO com.AnyAUT.PrepareRun - Completed fetching test data sets for test case
2019-10-08 10:28:56,348 [AWT-EventQueue-0] INFO com.AnyAUT.PrepareRun - Completed fetching test data sets for test case
2019-10-08 10:28:56,353 [AWT-EventQueue-0] INFO com.AnyAUT.PrepareRun - Completed fetching test data sets for test case
2019-10-08 10:28:56,362 [AWT-EventQueue-0] INFO com.AnyAUT.PrepareRun - Completed fetching test data sets for test case
2019-10-08 10:28:56,372 [AWT-EventQueue-0] INFO com.AnyAUT.PrepareRun - Completed fetching test data sets for test case
2019-10-08 10:28:56,380 [AWT-EventQueue-0] INFO com.AnyAUT.PrepareRun - Completed fetching test data sets for test case
2019-10-08 10:28:56,389 [AWT-EventQueue-0] INFO com.AnyAUT.PrepareRun - Completed fetching test data sets for test case
2019-10-08 10:28:56,402 [AWT-EventQueue-0] INFO com.AnyAUT.PrepareRun - Completed fetching test data sets for test case
2019-10-08 10:28:56,415 [AWT-EventQueue-0] INFO com.AnyAUT.PrepareRun - Completed fetching test data sets for test case
2019-10-08 10:28:56,419 [AWT-EventQueue-0] INFO com.AnyAUT.PrepareRun - Completed fetching test data sets for test case
2019-10-08 10:28:56,423 [AWT-EventQueue-0] INFO com.AnyAUT.PrepareRun - Completed fetching test data sets for test case
2019-10-08 10:28:56,426 [AWT-EventQueue-0] INFO com.AnyAUT.PrepareRun - Completed fetching test data sets for test case
2019-10-08 10:28:56,433 [AWT-EventQueue-0] INFO com.AnyAUT.PrepareRun - Completed fetching test data sets for test case
2019-10-08 10:28:56,437 [AWT-EventQueue-0] INFO com.AnyAUT.PrepareRun - Completed fetching test data sets for test case
2019-10-08 10:28:56,442 [AWT-EventQueue-0] INFO com.AnyAUT.PrepareRun - Completed fetching test data sets for test case
2019-10-08 10:28:56,452 [AWT-EventQueue-0] INFO com.AnyAUT.PrepareRun - Completed fetching test data sets for test case
2019-10-08 10:28:56,455 [AWT-EventQueue-0] INFO com.AnyAUT.PrepareRun - Completed fetching test data sets for test case
2019-10-08 10:28:56,458 [AWT-EventQueue-0] INFO com.AnyAUT.PrepareRun - Completed fetching test data sets for test case
2019-10-08 10:28:56,460 [AWT-EventQueue-0] INFO com.AnyAUT.PrepareRun - Completed fetching test data sets for test case
2019-10-08 10:28:56,466 [AWT-EventQueue-0] INFO com.AnyAUT.PrepareRun - Completed fetching test data sets for test case
2019-10-08 10:28:56,469 [AWT-EventQueue-0] INFO com.AnyAUT.PrepareRun - Completed fetching test data sets for test case
2019-10-08 10:28:56,473 [AWT-EventQueue-0] INFO com.AnyAUT.PrepareRun - Completed fetching test data sets for test case
2019-10-08 10:28:56,475 [AWT-EventQueue-0] INFO com.AnyAUT.PrepareRun - Completed fetching test data sets for test case
2019-10-08 10:28:56,477 [AWT-EventQueue-0] INFO com.AnyAUT.PrepareRun - Completed fetching test data sets for test case
2019-10-08 10:28:56,482 [AWT-EventQueue-0] INFO com.AnyAUT.PrepareRun - Completed fetching test data sets for test case
2019-10-08 10:28:56,486 [AWT-EventQueue-0] INFO com.AnyAUT.PrepareRun - Completed fetching test data sets for test case
2019-10-08 10:28:56,490 [AWT-EventQueue-0] INFO com.AnyAUT.PrepareRun - Completed fetching test data sets for test case
2019-10-08 10:28:56,493 [AWT-EventQueue-0] INFO com.AnyAUT.PrepareRun - Completed fetching test data sets for test case
2019-10-08 10:28:56,499 [AWT-EventQueue-0] INFO com.AnyAUT.PrepareRun - Completed fetching test data sets for test case
2019-10-08 10:28:56,505 [AWT-EventQueue-0] INFO com.AnyAUT.PrepareRun - Completed fetching test data sets for test case
2019-10-08 10:28:56,512 [AWT-EventQueue-0] INFO com.AnyAUT.PrepareRun - Completed fetching test data sets for test case
2019-10-08 10:28:56,523 [AWT-EventQueue-0] INFO com.AnyAUT.PrepareRun - Completed fetching test data sets for test case
2019-10-08 10:28:56,531 [AWT-EventQueue-0] INFO com.AnyAUT.PrepareRun - Completed fetching test data sets for test case
2019-10-08 10:28:56,539 [AWT-EventQueue-0] INFO com.AnyAUT.PrepareRun - Completed fetching test data sets for test case
2019-10-08 10:28:56,542 [AWT-EventQueue-0] INFO com.AnyAUT.PrepareRun - Completed fetching test data sets for test case
2019-10-08 10:28:56,545 [AWT-EventQueue-0] INFO com.AnyAUT.PrepareRun - Completed fetching test data sets for test case
2019-10-08 10:28:56,548 [AWT-EventQueue-0] INFO com.AnyAUT.PrepareRun - Completed fetching test data sets for test case
2019-10-08 10:28:56,550 [AWT-EventQueue-0] INFO com.AnyAUT.PrepareRun - Completed fetching test data sets for test case
2019-10-08 10:28:56,552 [AWT-EventQueue-0] INFO com.AnyAUT.PrepareRun - Completed fetching test data sets for test case
2019-10-08 10:28:56,558 [AWT-EventQueue-0] INFO com.AnyAUT.PrepareRun - Completed fetching test data sets for test case
2019-10-08 10:28:56,561 [AWT-EventQueue-0] INFO com.AnyAUT.PrepareRun - Completed fetching test data sets for test case
2019-10-08 10:28:56,567 [AWT-EventQueue-0] INFO com.AnyAUT.PrepareRun - Completed fetching test data sets for test case
2019-10-08 10:28:56,570 [AWT-EventQueue-0] INFO com.AnyAUT.PrepareRun - Completed fetching test data sets for test case
2019-10-08 10:28:56,573 [AWT-EventQueue-0] INFO com.AnyAUT.PrepareRun - Completed fetching test data sets for test case
2019-10-08 10:28:56,581 [AWT-EventQueue-0] INFO com.AnyAUT.PrepareRun - Completed fetching test data sets for test case
2019-10-08 10:28:56,584 [AWT-EventQueue-0] INFO com.AnyAUT.PrepareRun - Completed fetching test data sets for test case
2019-10-08 10:28:56,588 [AWT-EventQueue-0] INFO com.AnyAUT.PrepareRun - Completed fetching test data sets for test case
2019-10-08 10:28:56,590 [AWT-EventQueue-0] INFO com.AnyAUT.PrepareRun - Completed fetching test data sets for test case
2019-10-08 10:28:56,592 [AWT-EventQueue-0] INFO com.AnyAUT.PrepareRun - Completed fetching test data sets for test case
2019-10-08 10:28:56,597 [AWT-EventQueue-0] INFO com.AnyAUT.PrepareRun - Completed fetching test data sets for test case
2019-10-08 10:28:56,599 [AWT-EventQueue-0] INFO com.AnyAUT.PrepareRun - Completed fetching test data sets for test case
2019-10-08 10:28:56,599 [AWT-EventQueue-0] INFO com.AnyAUT.PrepareRun - Completed fetching test data sets for test case
2019-10-08 10:28:56,600 [AWT-EventQueue-0] INFO com.AnyAUT.PrepareRun - Completed fetching test data sets for test case
2019-10-08 10:28:56,600 [AWT-EventQueue-0] INFO com.AnyAUT.PrepareRun - Completed fetching test data sets for test case
2019-10-08 10:28:56,604 [AWT-EventQueue-0] INFO com.AnyAUT.PrepareRun - Completed fetching test data sets for test case
2019-10-08 10:28:56,607 [AWT-EventQueue-0] INFO com.AnyAUT.PrepareRun - Completed fetching test data sets for test case
2019-10-08 10:28:56,610 [AWT-EventQueue-0] INFO com.AnyAUT.PrepareRun - Completed fetching test data sets for test case
2019-10-08 10:28:56,613 [AWT-EventQueue-0] INFO com.AnyAUT.PrepareRun - Completed fetching test data sets for test case
2019-10-08 10:28:56,616 [AWT-EventQueue-0] INFO com.AnyAUT.PrepareRun - Completed fetching test data sets for test case
2019-10-08 10:28:56,619 [AWT-EventQueue-0] INFO com.AnyAUT.PrepareRun - Completed fetching test data sets for test case
2019-10-08 10:28:56,624 [AWT-EventQueue-0] INFO com.AnyAUT.PrepareRun - Completed fetching test data sets for test case
2019-10-08 10:28:56,630 [AWT-EventQueue-0] INFO com.AnyAUT.PrepareRun - Completed fetching test data sets for test case
2019-10-08 10:28:56,634 [AWT-EventQueue-0] INFO com.AnyAUT.PrepareRun - Completed fetching test data sets for test case
2019-10-08 10:28:56,637 [AWT-EventQueue-0] INFO com.AnyAUT.PrepareRun - Completed fetching test data sets for test case
2019-10-08 10:28:56,640 [AWT-EventQueue-0] INFO com.AnyAUT.PrepareRun - Completed fetching test data sets for test case
2019-10-08 10:28:56,642 [AWT-EventQueue-0] INFO com.AnyAUT.PrepareRun - Completed fetching test data sets for test case
2019-10-08 10:28:56,648 [AWT-EventQueue-0] INFO com.AnyAUT.PrepareRun - Completed fetching test data sets for test case
2019-10-08 10:28:56,651 [AWT-EventQueue-0] INFO com.AnyAUT.PrepareRun - Completed fetching test data sets for test case
2019-10-08 10:28:56,652 [AWT-EventQueue-0] INFO com.AnyAUT.PrepareRun - Completed fetching test data sets for test case
2019-10-08 10:28:56,654 [AWT-EventQueue-0] INFO com.AnyAUT.PrepareRun - Completed fetching test data sets for test case
2019-10-08 10:28:56,655 [AWT-EventQueue-0] INFO com.AnyAUT.PrepareRun - Completed fetching test data sets for test case
2019-10-08 10:28:56,658 [AWT-EventQueue-0] INFO com.AnyAUT.PrepareRun - Completed fetching test data sets for test case
2019-10-08 10:28:56,662 [AWT-EventQueue-0] INFO com.AnyAUT.PrepareRun - Completed fetching test data sets for test case
2019-10-08 10:28:56,667 [AWT-EventQueue-0] INFO com.AnyAUT.PrepareRun - Completed fetching test data sets for test case
2019-10-08 10:28:56,672 [AWT-EventQueue-0] INFO com.AnyAUT.PrepareRun - Completed fetching test data sets for test case
2019-10-08 10:28:56,681 [AWT-EventQueue-0] INFO com.AnyAUT.PrepareRun - Completed fetching test data sets for test case
2019-10-08 10:28:56,687 [AWT-EventQueue-0] INFO com.AnyAUT.PrepareRun - Completed fetching test data sets for test case
2019-10-08 10:28:56,689 [AWT-EventQueue-0] INFO com.AnyAUT.PrepareRun - Completed fetching test data sets for test case
2019-10-08 10:28:56,693 [AWT-EventQueue-0] INFO com.AnyAUT.PrepareRun - Completed fetching test data sets for test case
2019-10-08 10:28:56,711 [AWT-EventQueue-0] INFO com.AnyAUT.PrepareRun - Completed fetching test data sets for test case
2019-10-08 10:28:56,716 [AWT-EventQueue-0] INFO com.AnyAUT.PrepareRun - Completed fetching test data sets for test case
2019-10-08 10:28:56,721 [AWT-EventQueue-0] INFO com.AnyAUT.PrepareRun - Completed fetching test data sets for test case
2019-10-08 10:28:56,726 [AWT-EventQueue-0] INFO com.AnyAUT.PrepareRun - Completed fetching test data sets for test case
2019-10-08 10:28:56,740 [AWT-EventQueue-0] INFO com.AnyAUT.PrepareRun - Completed fetching test data sets for test case
2019-10-08 10:28:56,756 [AWT-EventQueue-0] INFO com.AnyAUT.PrepareRun - Completed fetching test data sets for test case
2019-10-08 10:28:56,769 [AWT-EventQueue-0] INFO com.AnyAUT.PrepareRun - Main test execution has completed
2019-10-08 10:28:56,783 [AWT-EventQueue-0] INFO com.AnyAUT.PrepareRun - Test Cases are added to the array
