2019-10-16 14:01:30,777 - com.AnyAUT.PrepareRun -INFO - Input FIle Path: C:\CTAF-Main-SourceCode-v0.94\CTAF_V0.94_GIT\RegressionExcels\Demo_Small_Carrier_Admin.xls
2019-10-16 14:01:30,782 - com.AnyAUT.PrepareRun -INFO - Output file path  :C:\CTAF-Main-SourceCode-v0.94\CTAF_V0.94_GIT\Results\TestRun_16Oct_0201_A/TestRun_16Oct_0201_A.xls
2019-10-16 14:01:31,492 - com.AnyAUT.PrepareRun -INFO - Entered Main Test
2019-10-16 14:01:31,493 - com.AnyAUT.PrepareRun -INFO - Completed fetching the test cases ready for execution
2019-10-16 14:01:31,493 - com.AnyAUT.PrepareRun -INFO - Completed assigning the top row
2019-10-16 14:01:31,494 - com.AnyAUT.PrepareRun -INFO - Completed fetching test data sets for test case
2019-10-16 14:01:31,496 - com.AnyAUT.PrepareRun -INFO - Completed fetching test data sets for test case
2019-10-16 14:01:31,497 - com.AnyAUT.PrepareRun -INFO - Main test execution has completed
2019-10-16 14:01:31,499 - com.AnyAUT.PrepareRun -INFO - Test Cases are added to the array
2019-10-16 14:01:31,672 - com.AnyAUT.PrepareRun -INFO - Input FIle Path: C:\CTAF-Main-SourceCode-v0.94\CTAF_V0.94_GIT\RegressionExcels\Demo_Small_Carrier_SA.xls
2019-10-16 14:01:31,676 - com.AnyAUT.PrepareRun -INFO - Output file path  :C:\CTAF-Main-SourceCode-v0.94\CTAF_V0.94_GIT\Results\TestRun_16Oct_0200_SA/TestRun_16Oct_0200_SA.xls
2019-10-16 14:01:32,316 - com.AnyAUT.PrepareRun -INFO - Entered Main Test
2019-10-16 14:01:32,316 - com.AnyAUT.PrepareRun -INFO - Completed fetching the test cases ready for execution
2019-10-16 14:01:32,317 - com.AnyAUT.PrepareRun -INFO - Completed assigning the top row
2019-10-16 14:01:32,317 - com.AnyAUT.PrepareRun -INFO - Completed fetching test data sets for test case
2019-10-16 14:01:32,319 - com.AnyAUT.PrepareRun -INFO - Completed fetching test data sets for test case
2019-10-16 14:01:32,321 - com.AnyAUT.PrepareRun -INFO - Main test execution has completed
2019-10-16 14:01:32,324 - com.AnyAUT.PrepareRun -INFO - Test Cases are added to the array
2019-10-16 14:01:32,751 - com.AnyAUT.ExecuteTest -INFO - C:\CTAF-Main-SourceCode-v0.94\CTAF_V0.94_GIT/Results/TestRun_16Oct_0201_A/TestRun_16Oct_0201_A.xls
2019-10-16 14:01:32,752 - com.AnyAUT.ExecuteTest -INFO - C:\CTAF-Main-SourceCode-v0.94\CTAF_V0.94_GIT/Results/TestRun_16Oct_0201_A/RunResult.xls
2019-10-16 14:01:32,755 - com.AnyAUT.ExecuteTest -INFO - Rows are 45
2019-10-16 14:01:32,755 - com.AnyAUT.ExecuteTest -INFO - Cols are 15
2019-10-16 14:01:32,779 - com.AnyAUT.ExecuteTest -INFO - KW: openBrowser ,Element Type: - ,Element By: - ,Element ID: - ,Test Data: chrome
2019-10-16 14:01:33,203 - com.AnyAUT.ExecuteTest -INFO - C:\CTAF-Main-SourceCode-v0.94\CTAF_V0.94_GIT/Results/TestRun_16Oct_0200_SA/TestRun_16Oct_0200_SA.xls
2019-10-16 14:01:33,203 - com.AnyAUT.ExecuteTest -INFO - C:\CTAF-Main-SourceCode-v0.94\CTAF_V0.94_GIT/Results/TestRun_16Oct_0200_SA/RunResult.xls
2019-10-16 14:01:33,205 - com.AnyAUT.ExecuteTest -INFO - Rows are 45
2019-10-16 14:01:33,205 - com.AnyAUT.ExecuteTest -INFO - Cols are 15
2019-10-16 14:01:33,210 - com.AnyAUT.ExecuteTest -INFO - KW: openBrowser ,Element Type: - ,Element By: - ,Element ID: - ,Test Data: chrome
2019-10-16 14:01:37,358 - com.AnyAUT.ExecuteTest -INFO - KW: navigateBrowser ,Element Type: - ,Element By: - ,Element ID: - ,Test Data: https://20005.claimatic.net
2019-10-16 14:01:37,913 - com.AnyAUT.ExecuteTest -INFO - KW: navigateBrowser ,Element Type: - ,Element By: - ,Element ID: - ,Test Data: https://20005.claimatic.net
2019-10-16 14:01:39,076 - com.AnyAUT.ExecuteTest -INFO - KW: typeText ,Element Type: Reusable Element ,Element By: xpath ,Element ID: //input[@type='text'] ,Test Data: Pankaja_a
2019-10-16 14:01:39,446 - com.AnyAUT.ExecuteTest -INFO - KW: typeText ,Element Type: Reusable Element ,Element By: xpath ,Element ID: //input[@type='password'] ,Test Data: fish90
2019-10-16 14:01:39,622 - com.AnyAUT.ExecuteTest -INFO - KW: typeText ,Element Type: Reusable Element ,Element By: xpath ,Element ID: //input[@type='text'] ,Test Data: Pankaja_sa 
2019-10-16 14:01:39,665 - com.AnyAUT.ExecuteTest -INFO - KW: clickElement ,Element Type: Reusable Element ,Element By: xpath ,Element ID: //button[@type='submit'] ,Test Data: -
2019-10-16 14:01:39,846 - com.AnyAUT.ExecuteTest -INFO - KW: waitForSeconds ,Element Type: - ,Element By: - ,Element ID: - ,Test Data: 5
2019-10-16 14:01:39,950 - com.AnyAUT.ExecuteTest -INFO - KW: typeText ,Element Type: Reusable Element ,Element By: xpath ,Element ID: //input[@type='password'] ,Test Data: fish90
2019-10-16 14:01:40,146 - com.AnyAUT.ExecuteTest -INFO - KW: clickElement ,Element Type: Reusable Element ,Element By: xpath ,Element ID: //button[@type='submit'] ,Test Data: -
2019-10-16 14:01:40,245 - com.AnyAUT.ExecuteTest -INFO - KW: waitForSeconds ,Element Type: - ,Element By: - ,Element ID: - ,Test Data: 5
2019-10-16 14:01:44,849 - com.AnyAUT.ExecuteTest -INFO - KW: clickButton ,Element Type: Reusable Element ,Element By: xpath ,Element ID: //span[contains(text(),'Welcome ')] ,Test Data: -
2019-10-16 14:01:45,245 - com.AnyAUT.ExecuteTest -INFO - KW: clickButton ,Element Type: Reusable Element ,Element By: xpath ,Element ID: //span[contains(text(),'Welcome ')] ,Test Data: -
2019-10-16 14:01:45,318 - com.AnyAUT.ExecuteTest -INFO - KW: clickButton ,Element Type: Reusable Element ,Element By: xpath ,Element ID: //a[contains(text(),'Log Off')] ,Test Data: -
2019-10-16 14:01:45,833 - com.AnyAUT.ExecuteTest -INFO - KW: closeBrowser ,Element Type: - ,Element By: - ,Element ID: - ,Test Data: -
2019-10-16 14:01:45,915 - com.AnyAUT.ExecuteTest -INFO - KW: openBrowser ,Element Type: - ,Element By: - ,Element ID: - ,Test Data: firefox
2019-10-16 14:02:01,438 - com.AnyAUT.ExecuteTest -INFO - KW: navigateBrowser ,Element Type: - ,Element By: - ,Element ID: - ,Test Data: https://20005.claimatic.net
2019-10-16 14:02:04,229 - com.AnyAUT.ExecuteTest -INFO - KW: typeText ,Element Type: Reusable Element ,Element By: xpath ,Element ID: //input[@type='text'] ,Test Data: kkosireddi_sa 
2019-10-16 14:02:04,664 - com.AnyAUT.ExecuteTest -INFO - KW: typeText ,Element Type: Reusable Element ,Element By: xpath ,Element ID: //input[@type='password'] ,Test Data: fish90
2019-10-16 14:02:04,721 - com.AnyAUT.ExecuteTest -INFO - KW: clickElement ,Element Type: Reusable Element ,Element By: xpath ,Element ID: //button[@type='submit'] ,Test Data: -
2019-10-16 14:02:04,963 - com.AnyAUT.ExecuteTest -ERROR - Error : NoSuchElementException
2019-10-16 14:02:05,520 - com.AnyAUT.ExecuteTest -INFO - KW: waitForSeconds ,Element Type: - ,Element By: - ,Element ID: - ,Test Data: 5
2019-10-16 14:02:06,280 - com.AnyAUT.ExecuteTest -INFO - KW: clickButton ,Element Type: Reusable Element ,Element By: xpath ,Element ID: //a[contains(text(),'Log Off')] ,Test Data: -
2019-10-16 14:02:10,521 - com.AnyAUT.ExecuteTest -INFO - KW: clickButton ,Element Type: Reusable Element ,Element By: xpath ,Element ID: //span[contains(text(),'Welcome ')] ,Test Data: -
2019-10-16 14:02:10,786 - com.AnyAUT.ExecuteTest -INFO - KW: clickButton ,Element Type: Reusable Element ,Element By: xpath ,Element ID: //a[contains(text(),'Log Off')] ,Test Data: -
2019-10-16 14:02:11,293 - com.AnyAUT.ExecuteTest -INFO - KW: closeBrowser ,Element Type: - ,Element By: - ,Element ID: - ,Test Data: -
2019-10-16 14:02:17,144 - com.AnyAUT.ExecuteTest -INFO - KW: openBrowser ,Element Type: - ,Element By: - ,Element ID: - ,Test Data: chrome
2019-10-16 14:02:21,068 - com.AnyAUT.ExecuteTest -INFO - KW: navigateBrowser ,Element Type: - ,Element By: - ,Element ID: - ,Test Data: https://20005.claimatic.net
2019-10-16 14:02:22,163 - com.AnyAUT.ExecuteTest -INFO - KW: clearText ,Element Type: Reusable Element ,Element By: xpath ,Element ID: //input[@type='text'] ,Test Data: -
2019-10-16 14:02:22,225 - com.AnyAUT.ExecuteTest -INFO - KW: tabKeyboard ,Element Type: Reusable Element ,Element By: xpath ,Element ID: //input[@type='text'] ,Test Data: -
2019-10-16 14:02:22,320 - com.AnyAUT.ExecuteTest -INFO - KW: clearText ,Element Type: Reusable Element ,Element By: xpath ,Element ID: //input[@type='password'] ,Test Data: -
2019-10-16 14:02:22,385 - com.AnyAUT.ExecuteTest -INFO - KW: tabKeyboard ,Element Type: Reusable Element ,Element By: xpath ,Element ID: //input[@type='password'] ,Test Data: -
2019-10-16 14:02:22,438 - com.AnyAUT.ExecuteTest -INFO - KW: clickButton ,Element Type: Reusable Element ,Element By: xpath ,Element ID: //a[contains(@href, '#collapseOne')] ,Test Data: -
2019-10-16 14:02:22,524 - com.AnyAUT.ExecuteTest -INFO - KW: waitForSeconds ,Element Type: - ,Element By: - ,Element ID: - ,Test Data: 5
2019-10-16 14:02:26,381 - com.AnyAUT.ExecuteTest -ERROR - Error : NoSuchElementException
2019-10-16 14:02:26,823 - com.AnyAUT.ExecuteTest -INFO - KW: closeBrowser ,Element Type: - ,Element By: - ,Element ID: - ,Test Data: -
2019-10-16 14:02:26,906 - com.AnyAUT.ExecuteTest -INFO - KW: openBrowser ,Element Type: - ,Element By: - ,Element ID: - ,Test Data: firefox
2019-10-16 14:02:27,526 - com.AnyAUT.ExecuteTest -INFO - KW: scrollByElement ,Element Type: Reusable Element ,Element By: xpath ,Element ID: //input[@name='_forget_password_email'] ,Test Data: -
2019-10-16 14:02:27,566 - com.AnyAUT.ExecuteTest -INFO - KW: clickButton ,Element Type: Reusable Element ,Element By: xpath ,Element ID: //button[@id='reset_password'] ,Test Data: -
2019-10-16 14:02:27,639 - com.AnyAUT.ExecuteTest -INFO - KW: waitForSeconds ,Element Type: - ,Element By: - ,Element ID: - ,Test Data: waitString
2019-10-16 14:02:27,639 - com.AnyAUT.ExecuteTest -ERROR - Error : NumberFormatException
2019-10-16 14:02:28,216 - com.AnyAUT.ExecuteTest -INFO - KW: verifyValue ,Element Type: Reusable Element ,Element By:  ,Element ID: //input[@placeholder='Enter your email address'] ,Test Data: Hmm, Try Again
2019-10-16 14:02:28,469 - com.AnyAUT.ExecuteTest -INFO - KW: closeBrowser ,Element Type: - ,Element By: - ,Element ID: - ,Test Data: -
2019-10-16 14:02:28,556 - com.AnyAUT.ExecuteTest -INFO - KW: openBrowser ,Element Type: - ,Element By: - ,Element ID: - ,Test Data: firefox
2019-10-16 14:02:33,656 - com.AnyAUT.ExecuteTest -INFO - KW: navigateBrowser ,Element Type: - ,Element By: - ,Element ID: - ,Test Data: https://20005.claimatic.net
2019-10-16 14:02:35,058 - com.AnyAUT.ExecuteTest -INFO - KW: navigateBrowser ,Element Type: - ,Element By: - ,Element ID: - ,Test Data: https://20005.claimatic.net
2019-10-16 14:02:35,648 - com.AnyAUT.ExecuteTest -INFO - KW: typeText ,Element Type: Reusable Element ,Element By: xpath ,Element ID: //input[@type='text'] ,Test Data: kkosireddi_a
2019-10-16 14:02:35,741 - com.AnyAUT.ExecuteTest -INFO - KW: typeText ,Element Type: Reusable Element ,Element By: xpath ,Element ID: //input[@type='password'] ,Test Data: fish90
2019-10-16 14:02:35,832 - com.AnyAUT.ExecuteTest -INFO - KW: clickElement ,Element Type: Reusable Element ,Element By: xpath ,Element ID: //button[@type='submit'] ,Test Data: -
2019-10-16 14:02:36,498 - com.AnyAUT.ExecuteTest -INFO - KW: waitForSeconds ,Element Type: - ,Element By: - ,Element ID: - ,Test Data: 5
2019-10-16 14:02:36,678 - com.AnyAUT.ExecuteTest -INFO - KW: clearText ,Element Type: Reusable Element ,Element By: xpath ,Element ID: //input[@type='text'] ,Test Data: -
2019-10-16 14:02:36,720 - com.AnyAUT.ExecuteTest -INFO - KW: tabKeyboard ,Element Type: Reusable Element ,Element By: xpath ,Element ID: //input[@type='text'] ,Test Data: -
2019-10-16 14:02:36,814 - com.AnyAUT.ExecuteTest -INFO - KW: clearText ,Element Type: Reusable Element ,Element By: xpath ,Element ID: //input[@type='password'] ,Test Data: -
2019-10-16 14:02:36,959 - com.AnyAUT.ExecuteTest -INFO - KW: tabKeyboard ,Element Type: Reusable Element ,Element By: xpath ,Element ID: //input[@type='password'] ,Test Data: -
2019-10-16 14:02:36,994 - com.AnyAUT.ExecuteTest -INFO - KW: clickButton ,Element Type: Reusable Element ,Element By: xpath ,Element ID: //a[contains(@href, '#collapseOne')] ,Test Data: -
2019-10-16 14:02:37,263 - com.AnyAUT.ExecuteTest -INFO - KW: waitForSeconds ,Element Type: - ,Element By: - ,Element ID: - ,Test Data: 5
2019-10-16 14:02:41,499 - com.AnyAUT.ExecuteTest -INFO - KW: clickButton ,Element Type: Reusable Element ,Element By: xpath ,Element ID: //span[contains(text(),'Welcome ')] ,Test Data: -
2019-10-16 14:02:41,736 - com.AnyAUT.ExecuteTest -INFO - KW: clickButton ,Element Type: Reusable Element ,Element By: xpath ,Element ID: //a[contains(text(),'Log Off')] ,Test Data: -
2019-10-16 14:02:42,186 - com.AnyAUT.ExecuteTest -INFO - KW: closeBrowser ,Element Type: - ,Element By: - ,Element ID: - ,Test Data: -
2019-10-16 14:02:42,265 - com.AnyAUT.ExecuteTest -INFO - KW: scrollByElement ,Element Type: Reusable Element ,Element By: xpath ,Element ID: //input[@name='_forget_password_email'] ,Test Data: -
2019-10-16 14:02:42,305 - com.AnyAUT.ExecuteTest -INFO - KW: clickButton ,Element Type: Reusable Element ,Element By: xpath ,Element ID: //button[@id='reset_password'] ,Test Data: -
2019-10-16 14:02:42,568 - com.AnyAUT.ExecuteTest -INFO - KW: waitForSeconds ,Element Type: - ,Element By: - ,Element ID: - ,Test Data: waitString
2019-10-16 14:02:42,568 - com.AnyAUT.ExecuteTest -ERROR - Error : NumberFormatException
2019-10-16 14:02:42,725 - com.AnyAUT.ExecuteTest -INFO - KW: verifyValue ,Element Type: Reusable Element ,Element By:  ,Element ID: //input[@placeholder='Enter your email address'] ,Test Data: Hmm, Try Again
2019-10-16 14:02:42,752 - com.AnyAUT.ExecuteTest -INFO - KW: closeBrowser ,Element Type: - ,Element By: - ,Element ID: - ,Test Data: -
2019-10-16 14:02:49,773 - com.AnyAUT.ExecuteTest -INFO - KW: openBrowser ,Element Type: - ,Element By: - ,Element ID: - ,Test Data: chrome
2019-10-16 14:02:53,799 - com.AnyAUT.ExecuteTest -INFO - KW: navigateBrowser ,Element Type: - ,Element By: - ,Element ID: - ,Test Data: https://20005.claimatic.net
2019-10-16 14:02:55,265 - com.AnyAUT.ExecuteTest -INFO - KW: clearText ,Element Type: Reusable Element ,Element By: xpath ,Element ID: //input[@type='text'] ,Test Data: -
2019-10-16 14:02:55,321 - com.AnyAUT.ExecuteTest -INFO - KW: tabKeyboard ,Element Type: Reusable Element ,Element By: xpath ,Element ID: //input[@type='text'] ,Test Data: -
2019-10-16 14:02:55,384 - com.AnyAUT.ExecuteTest -INFO - KW: clearText ,Element Type: Reusable Element ,Element By: xpath ,Element ID: //input[@type='password'] ,Test Data: -
2019-10-16 14:02:55,437 - com.AnyAUT.ExecuteTest -INFO - KW: tabKeyboard ,Element Type: Reusable Element ,Element By: xpath ,Element ID: //input[@type='password'] ,Test Data: -
2019-10-16 14:02:55,497 - com.AnyAUT.ExecuteTest -INFO - KW: clickButton ,Element Type: Reusable Element ,Element By: xpath ,Element ID: //a[contains(@href, '#collapseOne')] ,Test Data: -
2019-10-16 14:02:55,596 - com.AnyAUT.ExecuteTest -INFO - KW: waitForSeconds ,Element Type: - ,Element By: - ,Element ID: - ,Test Data: 5
2019-10-16 14:03:00,596 - com.AnyAUT.ExecuteTest -INFO - KW: scrollByElement ,Element Type: Reusable Element ,Element By: xpath ,Element ID: //input[@name='_forget_password_email'] ,Test Data: -
2019-10-16 14:03:00,633 - com.AnyAUT.ExecuteTest -INFO - KW: clickButton ,Element Type: Reusable Element ,Element By: xpath ,Element ID: //button[@id='reset_password'] ,Test Data: -
2019-10-16 14:03:00,706 - com.AnyAUT.ExecuteTest -INFO - KW: waitForSeconds ,Element Type: - ,Element By: - ,Element ID: - ,Test Data: waitString
2019-10-16 14:03:00,707 - com.AnyAUT.ExecuteTest -ERROR - Error : NumberFormatException
2019-10-16 14:03:01,135 - com.AnyAUT.ExecuteTest -INFO - KW: verifyValue ,Element Type: Reusable Element ,Element By:  ,Element ID: //input[@placeholder='Enter your email address'] ,Test Data: Hmm, Try Again
2019-10-16 14:03:01,173 - com.AnyAUT.ExecuteTest -INFO - KW: closeBrowser ,Element Type: - ,Element By: - ,Element ID: - ,Test Data: -
2019-10-16 14:03:01,236 - com.AnyAUT.ExecuteTest -INFO - KW: openBrowser ,Element Type: - ,Element By: - ,Element ID: - ,Test Data: firefox
2019-10-16 14:03:06,327 - com.AnyAUT.ExecuteTest -INFO - KW: navigateBrowser ,Element Type: - ,Element By: - ,Element ID: - ,Test Data: https://20005.claimatic.net
2019-10-16 14:03:07,860 - com.AnyAUT.ExecuteTest -INFO - KW: clearText ,Element Type: Reusable Element ,Element By: xpath ,Element ID: //input[@type='text'] ,Test Data: -
2019-10-16 14:03:07,912 - com.AnyAUT.ExecuteTest -INFO - KW: tabKeyboard ,Element Type: Reusable Element ,Element By: xpath ,Element ID: //input[@type='text'] ,Test Data: -
2019-10-16 14:03:07,948 - com.AnyAUT.ExecuteTest -INFO - KW: clearText ,Element Type: Reusable Element ,Element By: xpath ,Element ID: //input[@type='password'] ,Test Data: -
2019-10-16 14:03:07,983 - com.AnyAUT.ExecuteTest -INFO - KW: tabKeyboard ,Element Type: Reusable Element ,Element By: xpath ,Element ID: //input[@type='password'] ,Test Data: -
2019-10-16 14:03:08,042 - com.AnyAUT.ExecuteTest -INFO - KW: clickButton ,Element Type: Reusable Element ,Element By: xpath ,Element ID: //a[contains(@href, '#collapseOne')] ,Test Data: -
2019-10-16 14:03:08,345 - com.AnyAUT.ExecuteTest -INFO - KW: waitForSeconds ,Element Type: - ,Element By: - ,Element ID: - ,Test Data: 5
2019-10-16 14:03:13,345 - com.AnyAUT.ExecuteTest -INFO - KW: scrollByElement ,Element Type: Reusable Element ,Element By: xpath ,Element ID: //input[@name='_forget_password_email'] ,Test Data: -
2019-10-16 14:03:13,391 - com.AnyAUT.ExecuteTest -INFO - KW: clickButton ,Element Type: Reusable Element ,Element By: xpath ,Element ID: //button[@id='reset_password'] ,Test Data: -
2019-10-16 14:03:13,657 - com.AnyAUT.ExecuteTest -INFO - KW: waitForSeconds ,Element Type: - ,Element By: - ,Element ID: - ,Test Data: waitString
2019-10-16 14:03:13,658 - com.AnyAUT.ExecuteTest -ERROR - Error : NumberFormatException
2019-10-16 14:03:13,801 - com.AnyAUT.ExecuteTest -INFO - KW: verifyValue ,Element Type: Reusable Element ,Element By:  ,Element ID: //input[@placeholder='Enter your email address'] ,Test Data: Hmm, Try Again
2019-10-16 14:03:13,841 - com.AnyAUT.ExecuteTest -INFO - KW: closeBrowser ,Element Type: - ,Element By: - ,Element ID: - ,Test Data: -
2019-10-16 14:03:39,952 - com.AnyAUT.PrepareRun -INFO - Input FIle Path: C:\CTAF-Main-SourceCode-v0.94\CTAF_V0.94_GIT\RegressionExcels\Demo_Small_Carrier_Admin.xls
2019-10-16 14:03:39,955 - com.AnyAUT.PrepareRun -INFO - Output file path  :C:\CTAF-Main-SourceCode-v0.94\CTAF_V0.94_GIT\Results\TestRun_16Oct_0203/TestRun_16Oct_0203.xls
2019-10-16 14:03:40,619 - com.AnyAUT.PrepareRun -INFO - Entered Main Test
2019-10-16 14:03:40,619 - com.AnyAUT.PrepareRun -INFO - Completed fetching the test cases ready for execution
2019-10-16 14:03:40,620 - com.AnyAUT.PrepareRun -INFO - Completed assigning the top row
2019-10-16 14:03:40,620 - com.AnyAUT.PrepareRun -INFO - Completed fetching test data sets for test case
2019-10-16 14:03:40,621 - com.AnyAUT.PrepareRun -INFO - Completed fetching test data sets for test case
2019-10-16 14:03:40,622 - com.AnyAUT.PrepareRun -INFO - Main test execution has completed
2019-10-16 14:03:40,623 - com.AnyAUT.PrepareRun -INFO - Test Cases are added to the array
2019-10-16 14:03:41,432 - com.AnyAUT.ExecuteTest -INFO - C:\CTAF-Main-SourceCode-v0.94\CTAF_V0.94_GIT/Results/TestRun_16Oct_0203/TestRun_16Oct_0203.xls
2019-10-16 14:03:41,433 - com.AnyAUT.ExecuteTest -INFO - C:\CTAF-Main-SourceCode-v0.94\CTAF_V0.94_GIT/Results/TestRun_16Oct_0203/RunResult.xls
2019-10-16 14:03:41,434 - com.AnyAUT.ExecuteTest -INFO - Rows are 45
2019-10-16 14:03:41,435 - com.AnyAUT.ExecuteTest -INFO - Cols are 15
2019-10-16 14:03:41,439 - com.AnyAUT.ExecuteTest -INFO - KW: openBrowser ,Element Type: - ,Element By: - ,Element ID: - ,Test Data: chrome
2019-10-16 14:03:45,599 - com.AnyAUT.ExecuteTest -INFO - KW: navigateBrowser ,Element Type: - ,Element By: - ,Element ID: - ,Test Data: https://20005.claimatic.net
2019-10-16 14:03:46,639 - com.AnyAUT.ExecuteTest -INFO - KW: typeText ,Element Type: Reusable Element ,Element By: xpath ,Element ID: //input[@type='text'] ,Test Data: Pankaja_a
2019-10-16 14:03:46,796 - com.AnyAUT.ExecuteTest -INFO - KW: typeText ,Element Type: Reusable Element ,Element By: xpath ,Element ID: //input[@type='password'] ,Test Data: fish90
2019-10-16 14:03:46,932 - com.AnyAUT.ExecuteTest -INFO - KW: clickElement ,Element Type: Reusable Element ,Element By: xpath ,Element ID: //button[@type='submit'] ,Test Data: -
2019-10-16 14:03:47,022 - com.AnyAUT.ExecuteTest -INFO - KW: waitForSeconds ,Element Type: - ,Element By: - ,Element ID: - ,Test Data: 5
2019-10-16 14:03:52,022 - com.AnyAUT.ExecuteTest -INFO - KW: clickButton ,Element Type: Reusable Element ,Element By: xpath ,Element ID: //span[contains(text(),'Welcome ')] ,Test Data: -
2019-10-16 14:04:12,138 - com.AnyAUT.ExecuteTest -ERROR - Error : NoSuchElementException
2019-10-16 14:04:12,597 - com.AnyAUT.ExecuteTest -INFO - KW: clickButton ,Element Type: Reusable Element ,Element By: xpath ,Element ID: //a[contains(text(),'Log Off')] ,Test Data: -
2019-10-16 14:04:32,683 - com.AnyAUT.ExecuteTest -ERROR - Error : NoSuchElementException
2019-10-16 14:04:33,086 - com.AnyAUT.ExecuteTest -INFO - KW: closeBrowser ,Element Type: - ,Element By: - ,Element ID: - ,Test Data: -
2019-10-16 14:04:33,155 - com.AnyAUT.ExecuteTest -INFO - KW: openBrowser ,Element Type: - ,Element By: - ,Element ID: - ,Test Data: firefox
2019-10-16 14:04:37,614 - com.AnyAUT.ExecuteTest -INFO - KW: navigateBrowser ,Element Type: - ,Element By: - ,Element ID: - ,Test Data: https://20005.claimatic.net
2019-10-16 14:04:38,832 - com.AnyAUT.ExecuteTest -INFO - KW: typeText ,Element Type: Reusable Element ,Element By: xpath ,Element ID: //input[@type='text'] ,Test Data: kkosireddi_a
2019-10-16 14:04:38,929 - com.AnyAUT.ExecuteTest -INFO - KW: typeText ,Element Type: Reusable Element ,Element By: xpath ,Element ID: //input[@type='password'] ,Test Data: fish90
2019-10-16 14:04:39,022 - com.AnyAUT.ExecuteTest -INFO - KW: clickElement ,Element Type: Reusable Element ,Element By: xpath ,Element ID: //button[@type='submit'] ,Test Data: -
2019-10-16 14:04:39,737 - com.AnyAUT.ExecuteTest -INFO - KW: waitForSeconds ,Element Type: - ,Element By: - ,Element ID: - ,Test Data: 5
2019-10-16 14:04:44,737 - com.AnyAUT.ExecuteTest -INFO - KW: clickButton ,Element Type: Reusable Element ,Element By: xpath ,Element ID: //span[contains(text(),'Welcome ')] ,Test Data: -
2019-10-16 14:04:45,005 - com.AnyAUT.ExecuteTest -INFO - KW: clickButton ,Element Type: Reusable Element ,Element By: xpath ,Element ID: //a[contains(text(),'Log Off')] ,Test Data: -
2019-10-16 14:04:45,428 - com.AnyAUT.ExecuteTest -INFO - KW: closeBrowser ,Element Type: - ,Element By: - ,Element ID: - ,Test Data: -
2019-10-16 14:04:49,334 - com.AnyAUT.ExecuteTest -INFO - KW: openBrowser ,Element Type: - ,Element By: - ,Element ID: - ,Test Data: chrome
2019-10-16 14:04:52,927 - com.AnyAUT.ExecuteTest -INFO - KW: navigateBrowser ,Element Type: - ,Element By: - ,Element ID: - ,Test Data: https://20005.claimatic.net
2019-10-16 14:04:54,086 - com.AnyAUT.ExecuteTest -INFO - KW: clearText ,Element Type: Reusable Element ,Element By: xpath ,Element ID: //input[@type='text'] ,Test Data: -
2019-10-16 14:04:54,148 - com.AnyAUT.ExecuteTest -INFO - KW: tabKeyboard ,Element Type: Reusable Element ,Element By: xpath ,Element ID: //input[@type='text'] ,Test Data: -
2019-10-16 14:04:54,206 - com.AnyAUT.ExecuteTest -INFO - KW: clearText ,Element Type: Reusable Element ,Element By: xpath ,Element ID: //input[@type='password'] ,Test Data: -
2019-10-16 14:04:54,267 - com.AnyAUT.ExecuteTest -INFO - KW: tabKeyboard ,Element Type: Reusable Element ,Element By: xpath ,Element ID: //input[@type='password'] ,Test Data: -
2019-10-16 14:04:54,320 - com.AnyAUT.ExecuteTest -INFO - KW: clickButton ,Element Type: Reusable Element ,Element By: xpath ,Element ID: //a[contains(@href, '#collapseOne')] ,Test Data: -
2019-10-16 14:04:54,434 - com.AnyAUT.ExecuteTest -INFO - KW: waitForSeconds ,Element Type: - ,Element By: - ,Element ID: - ,Test Data: 5
2019-10-16 14:04:59,435 - com.AnyAUT.ExecuteTest -INFO - KW: scrollByElement ,Element Type: Reusable Element ,Element By: xpath ,Element ID: //input[@name='_forget_password_email'] ,Test Data: -
2019-10-16 14:04:59,476 - com.AnyAUT.ExecuteTest -INFO - KW: clickButton ,Element Type: Reusable Element ,Element By: xpath ,Element ID: //button[@id='reset_password'] ,Test Data: -
2019-10-16 14:04:59,557 - com.AnyAUT.ExecuteTest -INFO - KW: waitForSeconds ,Element Type: - ,Element By: - ,Element ID: - ,Test Data: waitString
2019-10-16 14:04:59,558 - com.AnyAUT.ExecuteTest -ERROR - Error : NumberFormatException
2019-10-16 14:04:59,992 - com.AnyAUT.ExecuteTest -INFO - KW: verifyValue ,Element Type: Reusable Element ,Element By:  ,Element ID: //input[@placeholder='Enter your email address'] ,Test Data: Hmm, Try Again
2019-10-16 14:05:00,035 - com.AnyAUT.ExecuteTest -INFO - KW: closeBrowser ,Element Type: - ,Element By: - ,Element ID: - ,Test Data: -
2019-10-16 14:05:00,099 - com.AnyAUT.ExecuteTest -INFO - KW: openBrowser ,Element Type: - ,Element By: - ,Element ID: - ,Test Data: firefox
2019-10-16 14:05:04,523 - com.AnyAUT.ExecuteTest -INFO - KW: navigateBrowser ,Element Type: - ,Element By: - ,Element ID: - ,Test Data: https://20005.claimatic.net
2019-10-16 14:05:05,795 - com.AnyAUT.ExecuteTest -INFO - KW: clearText ,Element Type: Reusable Element ,Element By: xpath ,Element ID: //input[@type='text'] ,Test Data: -
2019-10-16 14:05:05,848 - com.AnyAUT.ExecuteTest -INFO - KW: tabKeyboard ,Element Type: Reusable Element ,Element By: xpath ,Element ID: //input[@type='text'] ,Test Data: -
2019-10-16 14:05:05,908 - com.AnyAUT.ExecuteTest -INFO - KW: clearText ,Element Type: Reusable Element ,Element By: xpath ,Element ID: //input[@type='password'] ,Test Data: -
2019-10-16 14:05:05,993 - com.AnyAUT.ExecuteTest -INFO - KW: tabKeyboard ,Element Type: Reusable Element ,Element By: xpath ,Element ID: //input[@type='password'] ,Test Data: -
2019-10-16 14:05:06,035 - com.AnyAUT.ExecuteTest -INFO - KW: clickButton ,Element Type: Reusable Element ,Element By: xpath ,Element ID: //a[contains(@href, '#collapseOne')] ,Test Data: -
2019-10-16 14:05:06,418 - com.AnyAUT.ExecuteTest -INFO - KW: waitForSeconds ,Element Type: - ,Element By: - ,Element ID: - ,Test Data: 5
2019-10-16 14:05:11,418 - com.AnyAUT.ExecuteTest -INFO - KW: scrollByElement ,Element Type: Reusable Element ,Element By: xpath ,Element ID: //input[@name='_forget_password_email'] ,Test Data: -
2019-10-16 14:05:11,465 - com.AnyAUT.ExecuteTest -INFO - KW: clickButton ,Element Type: Reusable Element ,Element By: xpath ,Element ID: //button[@id='reset_password'] ,Test Data: -
2019-10-16 14:05:11,717 - com.AnyAUT.ExecuteTest -INFO - KW: waitForSeconds ,Element Type: - ,Element By: - ,Element ID: - ,Test Data: waitString
2019-10-16 14:05:11,718 - com.AnyAUT.ExecuteTest -ERROR - Error : NumberFormatException
2019-10-16 14:05:11,868 - com.AnyAUT.ExecuteTest -INFO - KW: verifyValue ,Element Type: Reusable Element ,Element By:  ,Element ID: //input[@placeholder='Enter your email address'] ,Test Data: Hmm, Try Again
2019-10-16 14:05:11,895 - com.AnyAUT.ExecuteTest -INFO - KW: closeBrowser ,Element Type: - ,Element By: - ,Element ID: - ,Test Data: -
2019-10-16 14:07:46,943 - com.AnyAUT.PrepareRun -INFO - Input FIle Path: C:\CTAF-Main-SourceCode-v0.94\CTAF_V0.94_GIT\RegressionExcels\Demo_Small_Carrier_Admin.xls
2019-10-16 14:07:46,945 - com.AnyAUT.PrepareRun -INFO - Output file path  :C:\CTAF-Main-SourceCode-v0.94\CTAF_V0.94_GIT\Results\TestRun_16Oct_0207_A/TestRun_16Oct_0207_A.xls
2019-10-16 14:07:47,476 - com.AnyAUT.PrepareRun -INFO - Entered Main Test
2019-10-16 14:07:47,476 - com.AnyAUT.PrepareRun -INFO - Completed fetching the test cases ready for execution
2019-10-16 14:07:47,477 - com.AnyAUT.PrepareRun -INFO - Completed assigning the top row
2019-10-16 14:07:47,477 - com.AnyAUT.PrepareRun -INFO - Completed fetching test data sets for test case
2019-10-16 14:07:47,479 - com.AnyAUT.PrepareRun -INFO - Completed fetching test data sets for test case
2019-10-16 14:07:47,481 - com.AnyAUT.PrepareRun -INFO - Main test execution has completed
2019-10-16 14:07:47,483 - com.AnyAUT.PrepareRun -INFO - Test Cases are added to the array
2019-10-16 14:07:48,219 - com.AnyAUT.PrepareRun -INFO - Input FIle Path: C:\CTAF-Main-SourceCode-v0.94\CTAF_V0.94_GIT\RegressionExcels\Demo_Small_Carrier_SA.xls
2019-10-16 14:07:48,223 - com.AnyAUT.PrepareRun -INFO - Output file path  :C:\CTAF-Main-SourceCode-v0.94\CTAF_V0.94_GIT\Results\TestRun_16Oct_0207_SA/TestRun_16Oct_0207_SA.xls
2019-10-16 14:07:48,404 - com.AnyAUT.ExecuteTest -INFO - C:\CTAF-Main-SourceCode-v0.94\CTAF_V0.94_GIT/Results/TestRun_16Oct_0207_A/TestRun_16Oct_0207_A.xls
2019-10-16 14:07:48,404 - com.AnyAUT.ExecuteTest -INFO - C:\CTAF-Main-SourceCode-v0.94\CTAF_V0.94_GIT/Results/TestRun_16Oct_0207_A/RunResult.xls
2019-10-16 14:07:48,407 - com.AnyAUT.ExecuteTest -INFO - Rows are 45
2019-10-16 14:07:48,407 - com.AnyAUT.ExecuteTest -INFO - Cols are 15
2019-10-16 14:07:48,413 - com.AnyAUT.ExecuteTest -INFO - KW: openBrowser ,Element Type: - ,Element By: - ,Element ID: - ,Test Data: chrome
2019-10-16 14:07:48,713 - com.AnyAUT.PrepareRun -INFO - Entered Main Test
2019-10-16 14:07:48,714 - com.AnyAUT.PrepareRun -INFO - Completed fetching the test cases ready for execution
2019-10-16 14:07:48,714 - com.AnyAUT.PrepareRun -INFO - Completed assigning the top row
2019-10-16 14:07:48,715 - com.AnyAUT.PrepareRun -INFO - Completed fetching test data sets for test case
2019-10-16 14:07:48,716 - com.AnyAUT.PrepareRun -INFO - Completed fetching test data sets for test case
2019-10-16 14:07:48,716 - com.AnyAUT.PrepareRun -INFO - Main test execution has completed
2019-10-16 14:07:48,718 - com.AnyAUT.PrepareRun -INFO - Test Cases are added to the array
2019-10-16 14:07:49,677 - com.AnyAUT.ExecuteTest -INFO - C:\CTAF-Main-SourceCode-v0.94\CTAF_V0.94_GIT/Results/TestRun_16Oct_0207_SA/TestRun_16Oct_0207_SA.xls
2019-10-16 14:07:49,677 - com.AnyAUT.ExecuteTest -INFO - C:\CTAF-Main-SourceCode-v0.94\CTAF_V0.94_GIT/Results/TestRun_16Oct_0207_SA/RunResult.xls
2019-10-16 14:07:49,679 - com.AnyAUT.ExecuteTest -INFO - Rows are 45
2019-10-16 14:07:49,680 - com.AnyAUT.ExecuteTest -INFO - Cols are 15
2019-10-16 14:07:49,684 - com.AnyAUT.ExecuteTest -INFO - KW: openBrowser ,Element Type: - ,Element By: - ,Element ID: - ,Test Data: chrome
2019-10-16 14:07:52,768 - com.AnyAUT.ExecuteTest -INFO - KW: navigateBrowser ,Element Type: - ,Element By: - ,Element ID: - ,Test Data: https://20005.claimatic.net
2019-10-16 14:07:54,047 - com.AnyAUT.ExecuteTest -INFO - KW: navigateBrowser ,Element Type: - ,Element By: - ,Element ID: - ,Test Data: https://20005.claimatic.net
2019-10-16 14:07:54,399 - com.AnyAUT.ExecuteTest -INFO - KW: typeText ,Element Type: Reusable Element ,Element By: xpath ,Element ID: //input[@type='text'] ,Test Data: kkosireddi_a
2019-10-16 14:07:54,719 - com.AnyAUT.ExecuteTest -INFO - KW: typeText ,Element Type: Reusable Element ,Element By: xpath ,Element ID: //input[@type='password'] ,Test Data: fish90
2019-10-16 14:07:54,938 - com.AnyAUT.ExecuteTest -INFO - KW: clickElement ,Element Type: Reusable Element ,Element By: xpath ,Element ID: //button[@type='submit'] ,Test Data: -
2019-10-16 14:07:55,045 - com.AnyAUT.ExecuteTest -INFO - KW: waitForSeconds ,Element Type: - ,Element By: - ,Element ID: - ,Test Data: 5
2019-10-16 14:07:56,000 - com.AnyAUT.ExecuteTest -INFO - KW: typeText ,Element Type: Reusable Element ,Element By: xpath ,Element ID: //input[@type='text'] ,Test Data: kkosireddi_sa 
2019-10-16 14:07:56,250 - com.AnyAUT.ExecuteTest -INFO - KW: typeText ,Element Type: Reusable Element ,Element By: xpath ,Element ID: //input[@type='password'] ,Test Data: fish90
2019-10-16 14:07:56,529 - com.AnyAUT.ExecuteTest -INFO - KW: clickElement ,Element Type: Reusable Element ,Element By: xpath ,Element ID: //button[@type='submit'] ,Test Data: -
2019-10-16 14:07:56,639 - com.AnyAUT.ExecuteTest -INFO - KW: waitForSeconds ,Element Type: - ,Element By: - ,Element ID: - ,Test Data: 5
2019-10-16 14:08:00,046 - com.AnyAUT.ExecuteTest -INFO - KW: clickButton ,Element Type: Reusable Element ,Element By: xpath ,Element ID: //span[contains(text(),'Welcome ')] ,Test Data: -
2019-10-16 14:08:00,120 - com.AnyAUT.ExecuteTest -INFO - KW: clickButton ,Element Type: Reusable Element ,Element By: xpath ,Element ID: //a[contains(text(),'Log Off')] ,Test Data: -
2019-10-16 14:08:00,621 - com.AnyAUT.ExecuteTest -INFO - KW: closeBrowser ,Element Type: - ,Element By: - ,Element ID: - ,Test Data: -
2019-10-16 14:08:00,692 - com.AnyAUT.ExecuteTest -INFO - KW: openBrowser ,Element Type: - ,Element By: - ,Element ID: - ,Test Data: firefox
2019-10-16 14:08:01,640 - com.AnyAUT.ExecuteTest -INFO - KW: clickButton ,Element Type: Reusable Element ,Element By: xpath ,Element ID: //span[contains(text(),'Welcome ')] ,Test Data: -
2019-10-16 14:08:01,722 - com.AnyAUT.ExecuteTest -INFO - KW: clickButton ,Element Type: Reusable Element ,Element By: xpath ,Element ID: //a[contains(text(),'Log Off')] ,Test Data: -
2019-10-16 14:08:02,188 - com.AnyAUT.ExecuteTest -INFO - KW: closeBrowser ,Element Type: - ,Element By: - ,Element ID: - ,Test Data: -
2019-10-16 14:08:02,293 - com.AnyAUT.ExecuteTest -INFO - KW: openBrowser ,Element Type: - ,Element By: - ,Element ID: - ,Test Data: firefox
2019-10-16 14:08:06,840 - com.AnyAUT.ExecuteTest -INFO - KW: navigateBrowser ,Element Type: - ,Element By: - ,Element ID: - ,Test Data: https://20005.claimatic.net
2019-10-16 14:08:08,199 - com.AnyAUT.ExecuteTest -INFO - KW: typeText ,Element Type: Reusable Element ,Element By: xpath ,Element ID: //input[@type='text'] ,Test Data: kkosireddi_a
2019-10-16 14:08:08,323 - com.AnyAUT.ExecuteTest -INFO - KW: typeText ,Element Type: Reusable Element ,Element By: xpath ,Element ID: //input[@type='password'] ,Test Data: fish90
2019-10-16 14:08:08,434 - com.AnyAUT.ExecuteTest -INFO - KW: clickElement ,Element Type: Reusable Element ,Element By: xpath ,Element ID: //button[@type='submit'] ,Test Data: -
2019-10-16 14:08:09,202 - com.AnyAUT.ExecuteTest -INFO - KW: waitForSeconds ,Element Type: - ,Element By: - ,Element ID: - ,Test Data: 5
2019-10-16 14:08:09,781 - com.AnyAUT.ExecuteTest -INFO - KW: navigateBrowser ,Element Type: - ,Element By: - ,Element ID: - ,Test Data: https://20005.claimatic.net
2019-10-16 14:08:12,395 - com.AnyAUT.ExecuteTest -INFO - KW: typeText ,Element Type: Reusable Element ,Element By: xpath ,Element ID: //input[@type='text'] ,Test Data: kkosireddi_sa 
2019-10-16 14:08:12,477 - com.AnyAUT.ExecuteTest -INFO - KW: typeText ,Element Type: Reusable Element ,Element By: xpath ,Element ID: //input[@type='password'] ,Test Data: fish90
2019-10-16 14:08:12,533 - com.AnyAUT.ExecuteTest -INFO - KW: clickElement ,Element Type: Reusable Element ,Element By: xpath ,Element ID: //button[@type='submit'] ,Test Data: -
2019-10-16 14:08:13,333 - com.AnyAUT.ExecuteTest -INFO - KW: waitForSeconds ,Element Type: - ,Element By: - ,Element ID: - ,Test Data: 5
2019-10-16 14:08:14,204 - com.AnyAUT.ExecuteTest -INFO - KW: clickButton ,Element Type: Reusable Element ,Element By: xpath ,Element ID: //span[contains(text(),'Welcome ')] ,Test Data: -
2019-10-16 14:08:14,450 - com.AnyAUT.ExecuteTest -INFO - KW: clickButton ,Element Type: Reusable Element ,Element By: xpath ,Element ID: //a[contains(text(),'Log Off')] ,Test Data: -
2019-10-16 14:08:15,267 - com.AnyAUT.ExecuteTest -INFO - KW: closeBrowser ,Element Type: - ,Element By: - ,Element ID: - ,Test Data: -
2019-10-16 14:08:18,333 - com.AnyAUT.ExecuteTest -INFO - KW: clickButton ,Element Type: Reusable Element ,Element By: xpath ,Element ID: //span[contains(text(),'Welcome ')] ,Test Data: -
2019-10-16 14:08:18,686 - com.AnyAUT.ExecuteTest -INFO - KW: clickButton ,Element Type: Reusable Element ,Element By: xpath ,Element ID: //a[contains(text(),'Log Off')] ,Test Data: -
2019-10-16 14:08:19,328 - com.AnyAUT.ExecuteTest -INFO - KW: closeBrowser ,Element Type: - ,Element By: - ,Element ID: - ,Test Data: -
2019-10-16 14:08:23,205 - com.AnyAUT.ExecuteTest -INFO - KW: openBrowser ,Element Type: - ,Element By: - ,Element ID: - ,Test Data: chrome
2019-10-16 14:08:25,957 - com.AnyAUT.ExecuteTest -INFO - KW: openBrowser ,Element Type: - ,Element By: - ,Element ID: - ,Test Data: chrome
2019-10-16 14:08:26,829 - com.AnyAUT.ExecuteTest -INFO - KW: navigateBrowser ,Element Type: - ,Element By: - ,Element ID: - ,Test Data: https://20005.claimatic.net
2019-10-16 14:08:29,003 - com.AnyAUT.ExecuteTest -INFO - KW: clearText ,Element Type: Reusable Element ,Element By: xpath ,Element ID: //input[@type='text'] ,Test Data: -
2019-10-16 14:08:29,064 - com.AnyAUT.ExecuteTest -INFO - KW: tabKeyboard ,Element Type: Reusable Element ,Element By: xpath ,Element ID: //input[@type='text'] ,Test Data: -
2019-10-16 14:08:29,128 - com.AnyAUT.ExecuteTest -INFO - KW: clearText ,Element Type: Reusable Element ,Element By: xpath ,Element ID: //input[@type='password'] ,Test Data: -
2019-10-16 14:08:29,182 - com.AnyAUT.ExecuteTest -INFO - KW: tabKeyboard ,Element Type: Reusable Element ,Element By: xpath ,Element ID: //input[@type='password'] ,Test Data: -
2019-10-16 14:08:29,238 - com.AnyAUT.ExecuteTest -INFO - KW: clickButton ,Element Type: Reusable Element ,Element By: xpath ,Element ID: //a[contains(@href, '#collapseOne')] ,Test Data: -
2019-10-16 14:08:29,321 - com.AnyAUT.ExecuteTest -INFO - KW: waitForSeconds ,Element Type: - ,Element By: - ,Element ID: - ,Test Data: 5
2019-10-16 14:08:29,650 - com.AnyAUT.ExecuteTest -INFO - KW: navigateBrowser ,Element Type: - ,Element By: - ,Element ID: - ,Test Data: https://20005.claimatic.net
2019-10-16 14:08:30,726 - com.AnyAUT.ExecuteTest -INFO - KW: clearText ,Element Type: Reusable Element ,Element By: xpath ,Element ID: //input[@type='text'] ,Test Data: -
2019-10-16 14:08:30,787 - com.AnyAUT.ExecuteTest -INFO - KW: tabKeyboard ,Element Type: Reusable Element ,Element By: xpath ,Element ID: //input[@type='text'] ,Test Data: -
2019-10-16 14:08:30,848 - com.AnyAUT.ExecuteTest -INFO - KW: clearText ,Element Type: Reusable Element ,Element By: xpath ,Element ID: //input[@type='password'] ,Test Data: -
2019-10-16 14:08:30,906 - com.AnyAUT.ExecuteTest -INFO - KW: tabKeyboard ,Element Type: Reusable Element ,Element By: xpath ,Element ID: //input[@type='password'] ,Test Data: -
2019-10-16 14:08:30,970 - com.AnyAUT.ExecuteTest -INFO - KW: clickButton ,Element Type: Reusable Element ,Element By: xpath ,Element ID: //a[contains(@href, '#collapseOne')] ,Test Data: -
2019-10-16 14:08:31,083 - com.AnyAUT.ExecuteTest -INFO - KW: waitForSeconds ,Element Type: - ,Element By: - ,Element ID: - ,Test Data: 5
2019-10-16 14:08:34,322 - com.AnyAUT.ExecuteTest -INFO - KW: scrollByElement ,Element Type: Reusable Element ,Element By: xpath ,Element ID: //input[@name='_forget_password_email'] ,Test Data: -
2019-10-16 14:08:34,360 - com.AnyAUT.ExecuteTest -INFO - KW: clickButton ,Element Type: Reusable Element ,Element By: xpath ,Element ID: //button[@id='reset_password'] ,Test Data: -
2019-10-16 14:08:34,459 - com.AnyAUT.ExecuteTest -INFO - KW: waitForSeconds ,Element Type: - ,Element By: - ,Element ID: - ,Test Data: waitString
2019-10-16 14:08:34,460 - com.AnyAUT.ExecuteTest -ERROR - Error : NumberFormatException
2019-10-16 14:08:34,950 - com.AnyAUT.ExecuteTest -INFO - KW: verifyValue ,Element Type: Reusable Element ,Element By:  ,Element ID: //input[@placeholder='Enter your email address'] ,Test Data: Hmm, Try Again
2019-10-16 14:08:34,989 - com.AnyAUT.ExecuteTest -INFO - KW: closeBrowser ,Element Type: - ,Element By: - ,Element ID: - ,Test Data: -
2019-10-16 14:08:35,070 - com.AnyAUT.ExecuteTest -INFO - KW: openBrowser ,Element Type: - ,Element By: - ,Element ID: - ,Test Data: firefox
2019-10-16 14:08:36,083 - com.AnyAUT.ExecuteTest -INFO - KW: scrollByElement ,Element Type: Reusable Element ,Element By: xpath ,Element ID: //input[@name='_forget_password_email'] ,Test Data: -
2019-10-16 14:08:36,125 - com.AnyAUT.ExecuteTest -INFO - KW: clickButton ,Element Type: Reusable Element ,Element By: xpath ,Element ID: //button[@id='reset_password'] ,Test Data: -
2019-10-16 14:08:36,207 - com.AnyAUT.ExecuteTest -INFO - KW: waitForSeconds ,Element Type: - ,Element By: - ,Element ID: - ,Test Data: waitString
2019-10-16 14:08:36,207 - com.AnyAUT.ExecuteTest -ERROR - Error : NumberFormatException
2019-10-16 14:08:36,775 - com.AnyAUT.ExecuteTest -INFO - KW: verifyValue ,Element Type: Reusable Element ,Element By:  ,Element ID: //input[@placeholder='Enter your email address'] ,Test Data: Hmm, Try Again
2019-10-16 14:08:36,812 - com.AnyAUT.ExecuteTest -INFO - KW: closeBrowser ,Element Type: - ,Element By: - ,Element ID: - ,Test Data: -
2019-10-16 14:08:36,995 - com.AnyAUT.ExecuteTest -INFO - KW: openBrowser ,Element Type: - ,Element By: - ,Element ID: - ,Test Data: firefox
2019-10-16 14:08:41,207 - com.AnyAUT.ExecuteTest -INFO - KW: navigateBrowser ,Element Type: - ,Element By: - ,Element ID: - ,Test Data: https://20005.claimatic.net
2019-10-16 14:08:43,575 - com.AnyAUT.ExecuteTest -INFO - KW: clearText ,Element Type: Reusable Element ,Element By: xpath ,Element ID: //input[@type='text'] ,Test Data: -
2019-10-16 14:08:43,611 - com.AnyAUT.ExecuteTest -INFO - KW: tabKeyboard ,Element Type: Reusable Element ,Element By: xpath ,Element ID: //input[@type='text'] ,Test Data: -
2019-10-16 14:08:43,652 - com.AnyAUT.ExecuteTest -INFO - KW: clearText ,Element Type: Reusable Element ,Element By: xpath ,Element ID: //input[@type='password'] ,Test Data: -
2019-10-16 14:08:43,683 - com.AnyAUT.ExecuteTest -INFO - KW: tabKeyboard ,Element Type: Reusable Element ,Element By: xpath ,Element ID: //input[@type='password'] ,Test Data: -
2019-10-16 14:08:43,727 - com.AnyAUT.ExecuteTest -INFO - KW: clickButton ,Element Type: Reusable Element ,Element By: xpath ,Element ID: //a[contains(@href, '#collapseOne')] ,Test Data: -
2019-10-16 14:08:43,994 - com.AnyAUT.ExecuteTest -INFO - KW: waitForSeconds ,Element Type: - ,Element By: - ,Element ID: - ,Test Data: 5
2019-10-16 14:08:46,576 - com.AnyAUT.ExecuteTest -INFO - KW: navigateBrowser ,Element Type: - ,Element By: - ,Element ID: - ,Test Data: https://20005.claimatic.net
2019-10-16 14:08:48,958 - com.AnyAUT.ExecuteTest -INFO - KW: clearText ,Element Type: Reusable Element ,Element By: xpath ,Element ID: //input[@type='text'] ,Test Data: -
2019-10-16 14:08:48,995 - com.AnyAUT.ExecuteTest -INFO - KW: scrollByElement ,Element Type: Reusable Element ,Element By: xpath ,Element ID: //input[@name='_forget_password_email'] ,Test Data: -
2019-10-16 14:08:49,028 - com.AnyAUT.ExecuteTest -INFO - KW: tabKeyboard ,Element Type: Reusable Element ,Element By: xpath ,Element ID: //input[@type='text'] ,Test Data: -
2019-10-16 14:08:49,034 - com.AnyAUT.ExecuteTest -INFO - KW: clickButton ,Element Type: Reusable Element ,Element By: xpath ,Element ID: //button[@id='reset_password'] ,Test Data: -
2019-10-16 14:08:49,105 - com.AnyAUT.ExecuteTest -INFO - KW: clearText ,Element Type: Reusable Element ,Element By: xpath ,Element ID: //input[@type='password'] ,Test Data: -
2019-10-16 14:08:49,150 - com.AnyAUT.ExecuteTest -INFO - KW: tabKeyboard ,Element Type: Reusable Element ,Element By: xpath ,Element ID: //input[@type='password'] ,Test Data: -
2019-10-16 14:08:49,193 - com.AnyAUT.ExecuteTest -INFO - KW: clickButton ,Element Type: Reusable Element ,Element By: xpath ,Element ID: //a[contains(@href, '#collapseOne')] ,Test Data: -
2019-10-16 14:08:49,304 - com.AnyAUT.ExecuteTest -INFO - KW: waitForSeconds ,Element Type: - ,Element By: - ,Element ID: - ,Test Data: waitString
2019-10-16 14:08:49,304 - com.AnyAUT.ExecuteTest -ERROR - Error : NumberFormatException
2019-10-16 14:08:49,446 - com.AnyAUT.ExecuteTest -INFO - KW: waitForSeconds ,Element Type: - ,Element By: - ,Element ID: - ,Test Data: 5
2019-10-16 14:08:49,484 - com.AnyAUT.ExecuteTest -INFO - KW: verifyValue ,Element Type: Reusable Element ,Element By:  ,Element ID: //input[@placeholder='Enter your email address'] ,Test Data: Hmm, Try Again
2019-10-16 14:08:49,523 - com.AnyAUT.ExecuteTest -INFO - KW: closeBrowser ,Element Type: - ,Element By: - ,Element ID: - ,Test Data: -
2019-10-16 14:08:54,447 - com.AnyAUT.ExecuteTest -INFO - KW: scrollByElement ,Element Type: Reusable Element ,Element By: xpath ,Element ID: //input[@name='_forget_password_email'] ,Test Data: -
2019-10-16 14:08:54,536 - com.AnyAUT.ExecuteTest -INFO - KW: clickButton ,Element Type: Reusable Element ,Element By: xpath ,Element ID: //button[@id='reset_password'] ,Test Data: -
2019-10-16 14:08:54,788 - com.AnyAUT.ExecuteTest -INFO - KW: waitForSeconds ,Element Type: - ,Element By: - ,Element ID: - ,Test Data: waitString
2019-10-16 14:08:54,788 - com.AnyAUT.ExecuteTest -ERROR - Error : NumberFormatException
2019-10-16 14:08:54,922 - com.AnyAUT.ExecuteTest -INFO - KW: verifyValue ,Element Type: Reusable Element ,Element By:  ,Element ID: //input[@placeholder='Enter your email address'] ,Test Data: Hmm, Try Again
2019-10-16 14:08:54,949 - com.AnyAUT.ExecuteTest -INFO - KW: closeBrowser ,Element Type: - ,Element By: - ,Element ID: - ,Test Data: -
